2020-06-06 11:03:38.1650|INFO|Microsoft.AspNetCore.DataProtection.KeyManagement.XmlKeyManager|User profile is available. Using 'C:\Users\dayaa\AppData\Local\ASP.NET\DataProtection-Keys' as key repository and Windows DPAPI to encrypt keys at rest.
2020-06-06 11:03:40.1156|INFO|Microsoft.AspNetCore.Hosting.Internal.WebHost|Request starting HTTP/1.1 DEBUG http://localhost:1028/  0
2020-06-06 11:03:40.1156|INFO|Microsoft.AspNetCore.Hosting.Internal.WebHost|Request starting HTTP/1.1 GET http://localhost:1028/  
2020-06-06 11:03:40.2706|INFO|Microsoft.AspNetCore.Hosting.Internal.WebHost|Request finished in 153.1052ms 200 
2020-06-06 11:03:40.9439|INFO|Microsoft.AspNetCore.Hosting.Internal.WebHost|Request finished in 829.791ms 404 text/plain
2020-06-06 11:03:41.0863|INFO|Microsoft.AspNetCore.Hosting.Internal.WebHost|Request starting HTTP/1.1 GET http://localhost:1028/favicon.ico  
2020-06-06 11:03:41.0863|INFO|Microsoft.AspNetCore.Hosting.Internal.WebHost|Request finished in 9.0169ms 404 text/plain
2020-06-06 11:03:59.0173|INFO|Microsoft.AspNetCore.Hosting.Internal.WebHost|Request starting HTTP/1.1 DELETE http://localhost:1028/api/cities/1/pointsofinterest/1  
2020-06-06 11:03:59.1733|INFO|Microsoft.AspNetCore.Mvc.Internal.ControllerActionInvoker|Route matched with {action = "DeletePointOfInterest", controller = "PointsOfInterest"}. Executing controller action with signature Microsoft.AspNetCore.Mvc.IActionResult DeletePointOfInterest(Int32, Int32) on controller CityInfoAPI.Controllers.PointsOfInterestController (CityInfoAPI).
2020-06-06 11:03:59.2439|INFO|Microsoft.AspNetCore.Mvc.Internal.ControllerActionInvoker|Executing action method CityInfoAPI.Controllers.PointsOfInterestController.DeletePointOfInterest (CityInfoAPI) - Validation state: Valid
2020-06-06 11:03:59.2919|INFO|Microsoft.AspNetCore.Mvc.Internal.ControllerActionInvoker|Executed action method CityInfoAPI.Controllers.PointsOfInterestController.DeletePointOfInterest (CityInfoAPI), returned result Microsoft.AspNetCore.Mvc.NoContentResult in 23.2753ms.
2020-06-06 11:03:59.3207|INFO|Microsoft.AspNetCore.Mvc.StatusCodeResult|Executing HttpStatusCodeResult, setting HTTP status code 204
2020-06-06 11:03:59.3363|INFO|Microsoft.AspNetCore.Mvc.Internal.ControllerActionInvoker|Executed action CityInfoAPI.Controllers.PointsOfInterestController.DeletePointOfInterest (CityInfoAPI) in 150.869ms
2020-06-06 11:03:59.3586|INFO|Microsoft.AspNetCore.Hosting.Internal.WebHost|Request finished in 341.4898ms 204 
2020-06-06 11:04:00.6852|INFO|Microsoft.AspNetCore.Hosting.Internal.WebHost|Request starting HTTP/1.1 DELETE http://localhost:1028/api/cities/1/pointsofinterest/1  
2020-06-06 11:04:00.7019|INFO|Microsoft.AspNetCore.Mvc.Internal.ControllerActionInvoker|Route matched with {action = "DeletePointOfInterest", controller = "PointsOfInterest"}. Executing controller action with signature Microsoft.AspNetCore.Mvc.IActionResult DeletePointOfInterest(Int32, Int32) on controller CityInfoAPI.Controllers.PointsOfInterestController (CityInfoAPI).
2020-06-06 11:04:00.7101|INFO|Microsoft.AspNetCore.Mvc.Internal.ControllerActionInvoker|Executing action method CityInfoAPI.Controllers.PointsOfInterestController.DeletePointOfInterest (CityInfoAPI) - Validation state: Valid
2020-06-06 11:04:00.7101|INFO|Microsoft.AspNetCore.Mvc.Internal.ControllerActionInvoker|Executed action method CityInfoAPI.Controllers.PointsOfInterestController.DeletePointOfInterest (CityInfoAPI), returned result Microsoft.AspNetCore.Mvc.NotFoundResult in 0.0845ms.
2020-06-06 11:04:00.7256|INFO|Microsoft.AspNetCore.Mvc.StatusCodeResult|Executing HttpStatusCodeResult, setting HTTP status code 404
2020-06-06 11:04:00.7256|INFO|Microsoft.AspNetCore.Mvc.Internal.ControllerActionInvoker|Executed action CityInfoAPI.Controllers.PointsOfInterestController.DeletePointOfInterest (CityInfoAPI) in 21.3535ms
2020-06-06 11:04:00.7391|INFO|Microsoft.AspNetCore.Hosting.Internal.WebHost|Request finished in 73.6413ms 404 text/plain
2020-06-06 11:04:01.6584|INFO|Microsoft.AspNetCore.Hosting.Internal.WebHost|Request starting HTTP/1.1 DELETE http://localhost:1028/api/cities/1/pointsofinterest/1  
2020-06-06 11:04:01.6722|INFO|Microsoft.AspNetCore.Mvc.Internal.ControllerActionInvoker|Route matched with {action = "DeletePointOfInterest", controller = "PointsOfInterest"}. Executing controller action with signature Microsoft.AspNetCore.Mvc.IActionResult DeletePointOfInterest(Int32, Int32) on controller CityInfoAPI.Controllers.PointsOfInterestController (CityInfoAPI).
2020-06-06 11:04:01.6773|INFO|Microsoft.AspNetCore.Mvc.Internal.ControllerActionInvoker|Executing action method CityInfoAPI.Controllers.PointsOfInterestController.DeletePointOfInterest (CityInfoAPI) - Validation state: Valid
2020-06-06 11:04:01.6993|INFO|Microsoft.AspNetCore.Mvc.Internal.ControllerActionInvoker|Executed action method CityInfoAPI.Controllers.PointsOfInterestController.DeletePointOfInterest (CityInfoAPI), returned result Microsoft.AspNetCore.Mvc.NotFoundResult in 0.0103ms.
2020-06-06 11:04:01.7264|INFO|Microsoft.AspNetCore.Mvc.StatusCodeResult|Executing HttpStatusCodeResult, setting HTTP status code 404
2020-06-06 11:04:01.7389|INFO|Microsoft.AspNetCore.Mvc.Internal.ControllerActionInvoker|Executed action CityInfoAPI.Controllers.PointsOfInterestController.DeletePointOfInterest (CityInfoAPI) in 56.1558ms
2020-06-06 11:04:01.7389|INFO|Microsoft.AspNetCore.Hosting.Internal.WebHost|Request finished in 86.0366ms 404 text/plain
2020-06-06 11:04:02.4971|INFO|Microsoft.AspNetCore.Hosting.Internal.WebHost|Request starting HTTP/1.1 DELETE http://localhost:1028/api/cities/1/pointsofinterest/1  
2020-06-06 11:04:02.5039|INFO|Microsoft.AspNetCore.Mvc.Internal.ControllerActionInvoker|Route matched with {action = "DeletePointOfInterest", controller = "PointsOfInterest"}. Executing controller action with signature Microsoft.AspNetCore.Mvc.IActionResult DeletePointOfInterest(Int32, Int32) on controller CityInfoAPI.Controllers.PointsOfInterestController (CityInfoAPI).
2020-06-06 11:04:02.5310|INFO|Microsoft.AspNetCore.Mvc.Internal.ControllerActionInvoker|Executing action method CityInfoAPI.Controllers.PointsOfInterestController.DeletePointOfInterest (CityInfoAPI) - Validation state: Valid
2020-06-06 11:04:02.5403|INFO|Microsoft.AspNetCore.Mvc.Internal.ControllerActionInvoker|Executed action method CityInfoAPI.Controllers.PointsOfInterestController.DeletePointOfInterest (CityInfoAPI), returned result Microsoft.AspNetCore.Mvc.NotFoundResult in 0.0108ms.
2020-06-06 11:04:02.5403|INFO|Microsoft.AspNetCore.Mvc.StatusCodeResult|Executing HttpStatusCodeResult, setting HTTP status code 404
2020-06-06 11:04:02.5637|INFO|Microsoft.AspNetCore.Mvc.Internal.ControllerActionInvoker|Executed action CityInfoAPI.Controllers.PointsOfInterestController.DeletePointOfInterest (CityInfoAPI) in 26.7522ms
2020-06-06 11:04:02.5732|INFO|Microsoft.AspNetCore.Hosting.Internal.WebHost|Request finished in 72.8122ms 404 text/plain
2020-06-06 11:04:03.3593|INFO|Microsoft.AspNetCore.Hosting.Internal.WebHost|Request starting HTTP/1.1 DELETE http://localhost:1028/api/cities/1/pointsofinterest/1  
2020-06-06 11:04:03.3626|INFO|Microsoft.AspNetCore.Mvc.Internal.ControllerActionInvoker|Route matched with {action = "DeletePointOfInterest", controller = "PointsOfInterest"}. Executing controller action with signature Microsoft.AspNetCore.Mvc.IActionResult DeletePointOfInterest(Int32, Int32) on controller CityInfoAPI.Controllers.PointsOfInterestController (CityInfoAPI).
2020-06-06 11:04:03.3626|INFO|Microsoft.AspNetCore.Mvc.Internal.ControllerActionInvoker|Executing action method CityInfoAPI.Controllers.PointsOfInterestController.DeletePointOfInterest (CityInfoAPI) - Validation state: Valid
2020-06-06 11:04:03.3626|INFO|Microsoft.AspNetCore.Mvc.Internal.ControllerActionInvoker|Executed action method CityInfoAPI.Controllers.PointsOfInterestController.DeletePointOfInterest (CityInfoAPI), returned result Microsoft.AspNetCore.Mvc.NotFoundResult in 0.008ms.
2020-06-06 11:04:03.3626|INFO|Microsoft.AspNetCore.Mvc.StatusCodeResult|Executing HttpStatusCodeResult, setting HTTP status code 404
2020-06-06 11:04:03.3800|INFO|Microsoft.AspNetCore.Mvc.Internal.ControllerActionInvoker|Executed action CityInfoAPI.Controllers.PointsOfInterestController.DeletePointOfInterest (CityInfoAPI) in 13.0064ms
2020-06-06 11:04:03.3800|INFO|Microsoft.AspNetCore.Hosting.Internal.WebHost|Request finished in 25.2192ms 404 text/plain
2020-06-06 11:04:09.5702|INFO|Microsoft.AspNetCore.Hosting.Internal.WebHost|Request starting HTTP/1.1 DELETE http://localhost:1028/api/cities/1/pointsofinterest/1  
2020-06-06 11:04:09.5920|INFO|Microsoft.AspNetCore.Mvc.Internal.ControllerActionInvoker|Route matched with {action = "DeletePointOfInterest", controller = "PointsOfInterest"}. Executing controller action with signature Microsoft.AspNetCore.Mvc.IActionResult DeletePointOfInterest(Int32, Int32) on controller CityInfoAPI.Controllers.PointsOfInterestController (CityInfoAPI).
2020-06-06 11:04:09.6091|INFO|Microsoft.AspNetCore.Mvc.Internal.ControllerActionInvoker|Executing action method CityInfoAPI.Controllers.PointsOfInterestController.DeletePointOfInterest (CityInfoAPI) - Validation state: Valid
2020-06-06 11:04:09.6356|INFO|Microsoft.AspNetCore.Mvc.Internal.ControllerActionInvoker|Executed action method CityInfoAPI.Controllers.PointsOfInterestController.DeletePointOfInterest (CityInfoAPI), returned result Microsoft.AspNetCore.Mvc.NotFoundResult in 0.0077ms.
2020-06-06 11:04:09.6450|INFO|Microsoft.AspNetCore.Mvc.StatusCodeResult|Executing HttpStatusCodeResult, setting HTTP status code 404
2020-06-06 11:04:09.6633|INFO|Microsoft.AspNetCore.Mvc.Internal.ControllerActionInvoker|Executed action CityInfoAPI.Controllers.PointsOfInterestController.DeletePointOfInterest (CityInfoAPI) in 52.6504ms
2020-06-06 11:04:09.6633|INFO|Microsoft.AspNetCore.Hosting.Internal.WebHost|Request finished in 97.7065ms 404 text/plain
2020-06-06 11:04:10.8230|INFO|Microsoft.AspNetCore.Hosting.Internal.WebHost|Request starting HTTP/1.1 DELETE http://localhost:1028/api/cities/1/pointsofinterest/1  
2020-06-06 11:04:10.8230|INFO|Microsoft.AspNetCore.Mvc.Internal.ControllerActionInvoker|Route matched with {action = "DeletePointOfInterest", controller = "PointsOfInterest"}. Executing controller action with signature Microsoft.AspNetCore.Mvc.IActionResult DeletePointOfInterest(Int32, Int32) on controller CityInfoAPI.Controllers.PointsOfInterestController (CityInfoAPI).
2020-06-06 11:04:10.8348|INFO|Microsoft.AspNetCore.Mvc.Internal.ControllerActionInvoker|Executing action method CityInfoAPI.Controllers.PointsOfInterestController.DeletePointOfInterest (CityInfoAPI) - Validation state: Valid
2020-06-06 11:04:10.8348|INFO|Microsoft.AspNetCore.Mvc.Internal.ControllerActionInvoker|Executed action method CityInfoAPI.Controllers.PointsOfInterestController.DeletePointOfInterest (CityInfoAPI), returned result Microsoft.AspNetCore.Mvc.NotFoundResult in 0.0097ms.
2020-06-06 11:04:10.8348|INFO|Microsoft.AspNetCore.Mvc.StatusCodeResult|Executing HttpStatusCodeResult, setting HTTP status code 404
2020-06-06 11:04:10.8575|INFO|Microsoft.AspNetCore.Mvc.Internal.ControllerActionInvoker|Executed action CityInfoAPI.Controllers.PointsOfInterestController.DeletePointOfInterest (CityInfoAPI) in 15.8121ms
2020-06-06 11:04:10.8645|INFO|Microsoft.AspNetCore.Hosting.Internal.WebHost|Request finished in 51.4433ms 404 text/plain
2020-06-06 11:04:11.7852|INFO|Microsoft.AspNetCore.Hosting.Internal.WebHost|Request starting HTTP/1.1 DELETE http://localhost:1028/api/cities/1/pointsofinterest/1  
2020-06-06 11:04:11.7852|INFO|Microsoft.AspNetCore.Mvc.Internal.ControllerActionInvoker|Route matched with {action = "DeletePointOfInterest", controller = "PointsOfInterest"}. Executing controller action with signature Microsoft.AspNetCore.Mvc.IActionResult DeletePointOfInterest(Int32, Int32) on controller CityInfoAPI.Controllers.PointsOfInterestController (CityInfoAPI).
2020-06-06 11:04:11.8009|INFO|Microsoft.AspNetCore.Mvc.Internal.ControllerActionInvoker|Executing action method CityInfoAPI.Controllers.PointsOfInterestController.DeletePointOfInterest (CityInfoAPI) - Validation state: Valid
2020-06-06 11:04:11.8009|INFO|Microsoft.AspNetCore.Mvc.Internal.ControllerActionInvoker|Executed action method CityInfoAPI.Controllers.PointsOfInterestController.DeletePointOfInterest (CityInfoAPI), returned result Microsoft.AspNetCore.Mvc.NotFoundResult in 0.0074ms.
2020-06-06 11:04:11.8009|INFO|Microsoft.AspNetCore.Mvc.StatusCodeResult|Executing HttpStatusCodeResult, setting HTTP status code 404
2020-06-06 11:04:11.8009|INFO|Microsoft.AspNetCore.Mvc.Internal.ControllerActionInvoker|Executed action CityInfoAPI.Controllers.PointsOfInterestController.DeletePointOfInterest (CityInfoAPI) in 17.8084ms
2020-06-06 11:04:11.8173|INFO|Microsoft.AspNetCore.Hosting.Internal.WebHost|Request finished in 32.1281ms 404 text/plain
2020-06-06 11:10:09.8230|INFO|Microsoft.AspNetCore.DataProtection.KeyManagement.XmlKeyManager|User profile is available. Using 'C:\Users\dayaa\AppData\Local\ASP.NET\DataProtection-Keys' as key repository and Windows DPAPI to encrypt keys at rest.
2020-06-06 11:10:11.1095|INFO|Microsoft.AspNetCore.Hosting.Internal.WebHost|Request starting HTTP/1.1 DEBUG http://localhost:1028/  0
2020-06-06 11:10:11.1095|INFO|Microsoft.AspNetCore.Hosting.Internal.WebHost|Request starting HTTP/1.1 GET http://localhost:1028/  
2020-06-06 11:10:11.2510|INFO|Microsoft.AspNetCore.Hosting.Internal.WebHost|Request finished in 124.7198ms 200 
2020-06-06 11:10:11.4766|INFO|Microsoft.AspNetCore.Hosting.Internal.WebHost|Request finished in 369.5001ms 404 text/plain
2020-06-06 11:10:29.3774|INFO|Microsoft.AspNetCore.Hosting.Internal.WebHost|Request starting HTTP/1.1 DELETE http://localhost:1028/api/cities/1/pointsofinterest/1  
2020-06-06 11:10:29.5157|INFO|Microsoft.AspNetCore.Mvc.Internal.ControllerActionInvoker|Route matched with {action = "DeletePointOfInterest", controller = "PointsOfInterest"}. Executing controller action with signature Microsoft.AspNetCore.Mvc.IActionResult DeletePointOfInterest(Int32, Int32) on controller CityInfoAPI.Controllers.PointsOfInterestController (CityInfoAPI).
2020-06-06 11:10:29.5976|INFO|Microsoft.AspNetCore.Mvc.Internal.ControllerActionInvoker|Executing action method CityInfoAPI.Controllers.PointsOfInterestController.DeletePointOfInterest (CityInfoAPI) - Validation state: Valid
2020-06-06 11:10:29.6341|INFO|Microsoft.AspNetCore.Mvc.Internal.ControllerActionInvoker|Executed action method CityInfoAPI.Controllers.PointsOfInterestController.DeletePointOfInterest (CityInfoAPI), returned result Microsoft.AspNetCore.Mvc.NoContentResult in 19.7899ms.
2020-06-06 11:10:29.6540|INFO|Microsoft.AspNetCore.Mvc.StatusCodeResult|Executing HttpStatusCodeResult, setting HTTP status code 204
2020-06-06 11:10:29.6628|INFO|Microsoft.AspNetCore.Mvc.Internal.ControllerActionInvoker|Executed action CityInfoAPI.Controllers.PointsOfInterestController.DeletePointOfInterest (CityInfoAPI) in 138.6344ms
2020-06-06 11:10:29.6628|INFO|Microsoft.AspNetCore.Hosting.Internal.WebHost|Request finished in 297.8321ms 204 
2020-06-06 11:10:30.7904|INFO|Microsoft.AspNetCore.Hosting.Internal.WebHost|Request starting HTTP/1.1 DELETE http://localhost:1028/api/cities/1/pointsofinterest/1  
2020-06-06 11:10:30.7904|INFO|Microsoft.AspNetCore.Mvc.Internal.ControllerActionInvoker|Route matched with {action = "DeletePointOfInterest", controller = "PointsOfInterest"}. Executing controller action with signature Microsoft.AspNetCore.Mvc.IActionResult DeletePointOfInterest(Int32, Int32) on controller CityInfoAPI.Controllers.PointsOfInterestController (CityInfoAPI).
2020-06-06 11:10:30.8088|INFO|Microsoft.AspNetCore.Mvc.Internal.ControllerActionInvoker|Executing action method CityInfoAPI.Controllers.PointsOfInterestController.DeletePointOfInterest (CityInfoAPI) - Validation state: Valid
2020-06-06 11:10:30.8088|INFO|Microsoft.AspNetCore.Mvc.Internal.ControllerActionInvoker|Executed action method CityInfoAPI.Controllers.PointsOfInterestController.DeletePointOfInterest (CityInfoAPI), returned result Microsoft.AspNetCore.Mvc.NotFoundResult in 0.0725ms.
2020-06-06 11:10:30.8274|INFO|Microsoft.AspNetCore.Mvc.StatusCodeResult|Executing HttpStatusCodeResult, setting HTTP status code 404
2020-06-06 11:10:30.8343|INFO|Microsoft.AspNetCore.Mvc.Internal.ControllerActionInvoker|Executed action CityInfoAPI.Controllers.PointsOfInterestController.DeletePointOfInterest (CityInfoAPI) in 25.8507ms
2020-06-06 11:10:30.8343|INFO|Microsoft.AspNetCore.Hosting.Internal.WebHost|Request finished in 48.2357ms 404 text/plain
2020-06-06 11:10:32.7390|INFO|Microsoft.AspNetCore.Hosting.Internal.WebHost|Request starting HTTP/1.1 DELETE http://localhost:1028/api/cities/1/pointsofinterest/1  
2020-06-06 11:10:32.7390|INFO|Microsoft.AspNetCore.Mvc.Internal.ControllerActionInvoker|Route matched with {action = "DeletePointOfInterest", controller = "PointsOfInterest"}. Executing controller action with signature Microsoft.AspNetCore.Mvc.IActionResult DeletePointOfInterest(Int32, Int32) on controller CityInfoAPI.Controllers.PointsOfInterestController (CityInfoAPI).
2020-06-06 11:10:32.7390|INFO|Microsoft.AspNetCore.Mvc.Internal.ControllerActionInvoker|Executing action method CityInfoAPI.Controllers.PointsOfInterestController.DeletePointOfInterest (CityInfoAPI) - Validation state: Valid
2020-06-06 11:10:32.7580|INFO|Microsoft.AspNetCore.Mvc.Internal.ControllerActionInvoker|Executed action method CityInfoAPI.Controllers.PointsOfInterestController.DeletePointOfInterest (CityInfoAPI), returned result Microsoft.AspNetCore.Mvc.NotFoundResult in 0.0084ms.
2020-06-06 11:10:32.7580|INFO|Microsoft.AspNetCore.Mvc.StatusCodeResult|Executing HttpStatusCodeResult, setting HTTP status code 404
2020-06-06 11:10:32.7699|INFO|Microsoft.AspNetCore.Mvc.Internal.ControllerActionInvoker|Executed action CityInfoAPI.Controllers.PointsOfInterestController.DeletePointOfInterest (CityInfoAPI) in 19.1415ms
2020-06-06 11:10:32.7699|INFO|Microsoft.AspNetCore.Hosting.Internal.WebHost|Request finished in 34.3971ms 404 text/plain
2020-06-06 11:10:37.3389|INFO|Microsoft.AspNetCore.Hosting.Internal.WebHost|Request starting HTTP/1.1 DELETE http://localhost:1028/api/cities/1/pointsofinterest/1  
2020-06-06 11:10:37.3579|INFO|Microsoft.AspNetCore.Mvc.Internal.ControllerActionInvoker|Route matched with {action = "DeletePointOfInterest", controller = "PointsOfInterest"}. Executing controller action with signature Microsoft.AspNetCore.Mvc.IActionResult DeletePointOfInterest(Int32, Int32) on controller CityInfoAPI.Controllers.PointsOfInterestController (CityInfoAPI).
2020-06-06 11:10:37.3749|INFO|Microsoft.AspNetCore.Mvc.Internal.ControllerActionInvoker|Executing action method CityInfoAPI.Controllers.PointsOfInterestController.DeletePointOfInterest (CityInfoAPI) - Validation state: Valid
2020-06-06 11:10:37.3870|INFO|Microsoft.AspNetCore.Mvc.Internal.ControllerActionInvoker|Executed action method CityInfoAPI.Controllers.PointsOfInterestController.DeletePointOfInterest (CityInfoAPI), returned result Microsoft.AspNetCore.Mvc.NotFoundResult in 0.0093ms.
2020-06-06 11:10:37.4012|INFO|Microsoft.AspNetCore.Mvc.StatusCodeResult|Executing HttpStatusCodeResult, setting HTTP status code 404
2020-06-06 11:10:37.4012|INFO|Microsoft.AspNetCore.Mvc.Internal.ControllerActionInvoker|Executed action CityInfoAPI.Controllers.PointsOfInterestController.DeletePointOfInterest (CityInfoAPI) in 43.6898ms
2020-06-06 11:10:37.4234|INFO|Microsoft.AspNetCore.Hosting.Internal.WebHost|Request finished in 76.3983ms 404 text/plain
2020-06-06 11:10:38.4493|INFO|Microsoft.AspNetCore.Hosting.Internal.WebHost|Request starting HTTP/1.1 DELETE http://localhost:1028/api/cities/1/pointsofinterest/1  
2020-06-06 11:10:38.4632|INFO|Microsoft.AspNetCore.Mvc.Internal.ControllerActionInvoker|Route matched with {action = "DeletePointOfInterest", controller = "PointsOfInterest"}. Executing controller action with signature Microsoft.AspNetCore.Mvc.IActionResult DeletePointOfInterest(Int32, Int32) on controller CityInfoAPI.Controllers.PointsOfInterestController (CityInfoAPI).
2020-06-06 11:10:38.4725|INFO|Microsoft.AspNetCore.Mvc.Internal.ControllerActionInvoker|Executing action method CityInfoAPI.Controllers.PointsOfInterestController.DeletePointOfInterest (CityInfoAPI) - Validation state: Valid
2020-06-06 11:10:38.4905|INFO|Microsoft.AspNetCore.Mvc.Internal.ControllerActionInvoker|Executed action method CityInfoAPI.Controllers.PointsOfInterestController.DeletePointOfInterest (CityInfoAPI), returned result Microsoft.AspNetCore.Mvc.NotFoundResult in 0.0085ms.
2020-06-06 11:10:38.4905|INFO|Microsoft.AspNetCore.Mvc.StatusCodeResult|Executing HttpStatusCodeResult, setting HTTP status code 404
2020-06-06 11:10:38.4905|INFO|Microsoft.AspNetCore.Mvc.Internal.ControllerActionInvoker|Executed action CityInfoAPI.Controllers.PointsOfInterestController.DeletePointOfInterest (CityInfoAPI) in 34.5754ms
2020-06-06 11:10:38.5106|INFO|Microsoft.AspNetCore.Hosting.Internal.WebHost|Request finished in 60.2706ms 404 text/plain
2020-06-06 11:10:39.3417|INFO|Microsoft.AspNetCore.Hosting.Internal.WebHost|Request starting HTTP/1.1 DELETE http://localhost:1028/api/cities/1/pointsofinterest/1  
2020-06-06 11:10:39.3417|INFO|Microsoft.AspNetCore.Mvc.Internal.ControllerActionInvoker|Route matched with {action = "DeletePointOfInterest", controller = "PointsOfInterest"}. Executing controller action with signature Microsoft.AspNetCore.Mvc.IActionResult DeletePointOfInterest(Int32, Int32) on controller CityInfoAPI.Controllers.PointsOfInterestController (CityInfoAPI).
2020-06-06 11:10:39.3514|INFO|Microsoft.AspNetCore.Mvc.Internal.ControllerActionInvoker|Executing action method CityInfoAPI.Controllers.PointsOfInterestController.DeletePointOfInterest (CityInfoAPI) - Validation state: Valid
2020-06-06 11:10:39.3514|INFO|Microsoft.AspNetCore.Mvc.Internal.ControllerActionInvoker|Executed action method CityInfoAPI.Controllers.PointsOfInterestController.DeletePointOfInterest (CityInfoAPI), returned result Microsoft.AspNetCore.Mvc.NotFoundResult in 0.0089ms.
2020-06-06 11:10:39.3514|INFO|Microsoft.AspNetCore.Mvc.StatusCodeResult|Executing HttpStatusCodeResult, setting HTTP status code 404
2020-06-06 11:10:39.3673|INFO|Microsoft.AspNetCore.Mvc.Internal.ControllerActionInvoker|Executed action CityInfoAPI.Controllers.PointsOfInterestController.DeletePointOfInterest (CityInfoAPI) in 15.8431ms
2020-06-06 11:10:39.3673|INFO|Microsoft.AspNetCore.Hosting.Internal.WebHost|Request finished in 30.4989ms 404 text/plain
2020-06-06 11:18:47.1757|INFO|Microsoft.AspNetCore.DataProtection.KeyManagement.XmlKeyManager|User profile is available. Using 'C:\Users\dayaa\AppData\Local\ASP.NET\DataProtection-Keys' as key repository and Windows DPAPI to encrypt keys at rest.
2020-06-06 11:18:48.0916|INFO|Microsoft.AspNetCore.Hosting.Internal.WebHost|Request starting HTTP/1.1 GET http://localhost:1028/  
2020-06-06 11:18:48.0916|INFO|Microsoft.AspNetCore.Hosting.Internal.WebHost|Request starting HTTP/1.1 DEBUG http://localhost:1028/  0
2020-06-06 11:18:48.1945|INFO|Microsoft.AspNetCore.Hosting.Internal.WebHost|Request finished in 103.0414ms 200 
2020-06-06 11:18:48.4883|INFO|Microsoft.AspNetCore.Hosting.Internal.WebHost|Request finished in 372.7621ms 404 text/plain
2020-06-06 11:18:49.2833|INFO|Microsoft.AspNetCore.Hosting.Internal.WebHost|Request starting HTTP/1.1 DELETE http://localhost:1028/api/cities/1/pointsofinterest/1  
2020-06-06 11:18:49.3850|INFO|Microsoft.AspNetCore.Mvc.Internal.ControllerActionInvoker|Route matched with {action = "DeletePointOfInterest", controller = "PointsOfInterest"}. Executing controller action with signature Microsoft.AspNetCore.Mvc.IActionResult DeletePointOfInterest(Int32, Int32) on controller CityInfoAPI.Controllers.PointsOfInterestController (CityInfoAPI).
2020-06-06 11:18:49.4449|INFO|Microsoft.AspNetCore.Mvc.Internal.ControllerActionInvoker|Executing action method CityInfoAPI.Controllers.PointsOfInterestController.DeletePointOfInterest (CityInfoAPI) - Validation state: Valid
2020-06-06 11:18:49.4739|INFO|Microsoft.AspNetCore.Mvc.Internal.ControllerActionInvoker|Executed action method CityInfoAPI.Controllers.PointsOfInterestController.DeletePointOfInterest (CityInfoAPI), returned result Microsoft.AspNetCore.Mvc.NoContentResult in 18.5115ms.
2020-06-06 11:18:49.4921|INFO|Microsoft.AspNetCore.Mvc.StatusCodeResult|Executing HttpStatusCodeResult, setting HTTP status code 204
2020-06-06 11:18:49.4921|INFO|Microsoft.AspNetCore.Mvc.Internal.ControllerActionInvoker|Executed action CityInfoAPI.Controllers.PointsOfInterestController.DeletePointOfInterest (CityInfoAPI) in 107.5898ms
2020-06-06 11:18:49.5096|INFO|Microsoft.AspNetCore.Hosting.Internal.WebHost|Request finished in 228.3883ms 204 
2020-06-06 11:18:50.4930|INFO|Microsoft.AspNetCore.Hosting.Internal.WebHost|Request starting HTTP/1.1 DELETE http://localhost:1028/api/cities/1/pointsofinterest/1  
2020-06-06 11:18:50.4930|INFO|Microsoft.AspNetCore.Mvc.Internal.ControllerActionInvoker|Route matched with {action = "DeletePointOfInterest", controller = "PointsOfInterest"}. Executing controller action with signature Microsoft.AspNetCore.Mvc.IActionResult DeletePointOfInterest(Int32, Int32) on controller CityInfoAPI.Controllers.PointsOfInterestController (CityInfoAPI).
2020-06-06 11:18:50.5053|INFO|Microsoft.AspNetCore.Mvc.Internal.ControllerActionInvoker|Executing action method CityInfoAPI.Controllers.PointsOfInterestController.DeletePointOfInterest (CityInfoAPI) - Validation state: Valid
2020-06-06 11:18:50.5053|INFO|Microsoft.AspNetCore.Mvc.Internal.ControllerActionInvoker|Executed action method CityInfoAPI.Controllers.PointsOfInterestController.DeletePointOfInterest (CityInfoAPI), returned result Microsoft.AspNetCore.Mvc.NotFoundResult in 0.0768ms.
2020-06-06 11:18:50.5053|INFO|Microsoft.AspNetCore.Mvc.StatusCodeResult|Executing HttpStatusCodeResult, setting HTTP status code 404
2020-06-06 11:18:50.5190|INFO|Microsoft.AspNetCore.Mvc.Internal.ControllerActionInvoker|Executed action CityInfoAPI.Controllers.PointsOfInterestController.DeletePointOfInterest (CityInfoAPI) in 15.4344ms
2020-06-06 11:18:50.5190|INFO|Microsoft.AspNetCore.Hosting.Internal.WebHost|Request finished in 30.519ms 404 text/plain
2020-06-06 11:44:27.0059|INFO|Microsoft.AspNetCore.DataProtection.KeyManagement.XmlKeyManager|User profile is available. Using 'C:\Users\dayaa\AppData\Local\ASP.NET\DataProtection-Keys' as key repository and Windows DPAPI to encrypt keys at rest.
2020-06-06 11:44:30.0232|INFO|Microsoft.AspNetCore.Hosting.Internal.WebHost|Request starting HTTP/1.1 DELETE http://localhost:1028/api/cities/1/pointsofinterest/1  
2020-06-06 11:44:30.0232|INFO|Microsoft.AspNetCore.Hosting.Internal.WebHost|Request starting HTTP/1.1 GET http://localhost:1028/  
2020-06-06 11:44:30.0232|INFO|Microsoft.AspNetCore.Hosting.Internal.WebHost|Request starting HTTP/1.1 DELETE http://localhost:1028/api/cities/1/pointsofinterest/1  
2020-06-06 11:44:30.0232|INFO|Microsoft.AspNetCore.Hosting.Internal.WebHost|Request starting HTTP/1.1 DELETE http://localhost:1028/api/cities/1/pointsofinterest/1  
2020-06-06 11:44:30.7322|INFO|Microsoft.AspNetCore.Hosting.Internal.WebHost|Request finished in 711.9364ms 404 text/plain
2020-06-06 11:44:30.7543|INFO|Microsoft.AspNetCore.Hosting.Internal.WebHost|Request starting HTTP/1.1 DEBUG http://localhost:1028/  0
2020-06-06 11:44:30.7658|INFO|Microsoft.AspNetCore.Hosting.Internal.WebHost|Request finished in 12.1933ms 200 
2020-06-06 11:44:30.8160|INFO|Microsoft.AspNetCore.Hosting.Internal.WebHost|Request starting HTTP/1.1 DELETE http://localhost:1028/api/cities/1/pointsofinterest/1  
2020-06-06 11:44:30.8290|INFO|Microsoft.AspNetCore.Mvc.Internal.ControllerActionInvoker|Route matched with {action = "DeletePointOfInterest", controller = "PointsOfInterest"}. Executing controller action with signature Microsoft.AspNetCore.Mvc.IActionResult DeletePointOfInterest(Int32, Int32) on controller CityInfoAPI.Controllers.PointsOfInterestController (CityInfoAPI).
2020-06-06 11:44:30.8290|INFO|Microsoft.AspNetCore.Mvc.Internal.ControllerActionInvoker|Route matched with {action = "DeletePointOfInterest", controller = "PointsOfInterest"}. Executing controller action with signature Microsoft.AspNetCore.Mvc.IActionResult DeletePointOfInterest(Int32, Int32) on controller CityInfoAPI.Controllers.PointsOfInterestController (CityInfoAPI).
2020-06-06 11:44:30.8290|INFO|Microsoft.AspNetCore.Mvc.Internal.ControllerActionInvoker|Route matched with {action = "DeletePointOfInterest", controller = "PointsOfInterest"}. Executing controller action with signature Microsoft.AspNetCore.Mvc.IActionResult DeletePointOfInterest(Int32, Int32) on controller CityInfoAPI.Controllers.PointsOfInterestController (CityInfoAPI).
2020-06-06 11:44:30.8860|INFO|Microsoft.AspNetCore.Mvc.Internal.ControllerActionInvoker|Route matched with {action = "DeletePointOfInterest", controller = "PointsOfInterest"}. Executing controller action with signature Microsoft.AspNetCore.Mvc.IActionResult DeletePointOfInterest(Int32, Int32) on controller CityInfoAPI.Controllers.PointsOfInterestController (CityInfoAPI).
2020-06-06 11:44:30.9689|INFO|Microsoft.AspNetCore.Mvc.Internal.ControllerActionInvoker|Executing action method CityInfoAPI.Controllers.PointsOfInterestController.DeletePointOfInterest (CityInfoAPI) - Validation state: Valid
2020-06-06 11:44:30.9772|INFO|Microsoft.AspNetCore.Mvc.Internal.ControllerActionInvoker|Executing action method CityInfoAPI.Controllers.PointsOfInterestController.DeletePointOfInterest (CityInfoAPI) - Validation state: Valid
2020-06-06 11:44:30.9772|INFO|Microsoft.AspNetCore.Mvc.Internal.ControllerActionInvoker|Executing action method CityInfoAPI.Controllers.PointsOfInterestController.DeletePointOfInterest (CityInfoAPI) - Validation state: Valid
2020-06-06 11:44:30.9950|INFO|Microsoft.AspNetCore.Mvc.Internal.ControllerActionInvoker|Executing action method CityInfoAPI.Controllers.PointsOfInterestController.DeletePointOfInterest (CityInfoAPI) - Validation state: Valid
2020-06-06 11:44:31.0184|INFO|Microsoft.AspNetCore.Mvc.Internal.ControllerActionInvoker|Executed action method CityInfoAPI.Controllers.PointsOfInterestController.DeletePointOfInterest (CityInfoAPI), returned result Microsoft.AspNetCore.Mvc.NotFoundResult in 22.1249ms.
2020-06-06 11:44:31.0184|INFO|Microsoft.AspNetCore.Mvc.Internal.ControllerActionInvoker|Executed action method CityInfoAPI.Controllers.PointsOfInterestController.DeletePointOfInterest (CityInfoAPI), returned result Microsoft.AspNetCore.Mvc.NoContentResult in 23.8122ms.
2020-06-06 11:44:31.0184|INFO|Microsoft.AspNetCore.Mvc.Internal.ControllerActionInvoker|Executed action method CityInfoAPI.Controllers.PointsOfInterestController.DeletePointOfInterest (CityInfoAPI), returned result Microsoft.AspNetCore.Mvc.NotFoundResult in 3.6934ms.
2020-06-06 11:44:31.0184|INFO|Microsoft.AspNetCore.Mvc.Internal.ControllerActionInvoker|Executed action method CityInfoAPI.Controllers.PointsOfInterestController.DeletePointOfInterest (CityInfoAPI), returned result Microsoft.AspNetCore.Mvc.NotFoundResult in 0.0084ms.
2020-06-06 11:44:31.0370|INFO|Microsoft.AspNetCore.Mvc.StatusCodeResult|Executing HttpStatusCodeResult, setting HTTP status code 404
2020-06-06 11:44:31.0370|INFO|Microsoft.AspNetCore.Mvc.StatusCodeResult|Executing HttpStatusCodeResult, setting HTTP status code 204
2020-06-06 11:44:31.0370|INFO|Microsoft.AspNetCore.Mvc.StatusCodeResult|Executing HttpStatusCodeResult, setting HTTP status code 404
2020-06-06 11:44:31.0572|INFO|Microsoft.AspNetCore.Mvc.StatusCodeResult|Executing HttpStatusCodeResult, setting HTTP status code 404
2020-06-06 11:44:31.0729|INFO|Microsoft.AspNetCore.Mvc.Internal.ControllerActionInvoker|Executed action CityInfoAPI.Controllers.PointsOfInterestController.DeletePointOfInterest (CityInfoAPI) in 222.5142ms
2020-06-06 11:44:31.0729|INFO|Microsoft.AspNetCore.Mvc.Internal.ControllerActionInvoker|Executed action CityInfoAPI.Controllers.PointsOfInterestController.DeletePointOfInterest (CityInfoAPI) in 226.887ms
2020-06-06 11:44:31.0729|INFO|Microsoft.AspNetCore.Mvc.Internal.ControllerActionInvoker|Executed action CityInfoAPI.Controllers.PointsOfInterestController.DeletePointOfInterest (CityInfoAPI) in 119.5169ms
2020-06-06 11:44:31.0729|INFO|Microsoft.AspNetCore.Mvc.Internal.ControllerActionInvoker|Executed action CityInfoAPI.Controllers.PointsOfInterestController.DeletePointOfInterest (CityInfoAPI) in 216.964ms
2020-06-06 11:44:31.0954|INFO|Microsoft.AspNetCore.Hosting.Internal.WebHost|Request finished in 269.3348ms 404 text/plain
2020-06-06 11:44:31.1079|INFO|Microsoft.AspNetCore.Hosting.Internal.WebHost|Request finished in 1079.1413ms 204 
2020-06-06 11:44:31.1079|INFO|Microsoft.AspNetCore.Hosting.Internal.WebHost|Request finished in 1069.8942ms 404 text/plain
2020-06-06 11:44:31.1182|INFO|Microsoft.AspNetCore.Hosting.Internal.WebHost|Request starting HTTP/1.1 DELETE http://localhost:1028/api/cities/1/pointsofinterest/1  
2020-06-06 11:44:31.1182|INFO|Microsoft.AspNetCore.Hosting.Internal.WebHost|Request finished in 1079.1165ms 404 text/plain
2020-06-06 11:44:31.1356|INFO|Microsoft.AspNetCore.Hosting.Internal.WebHost|Request starting HTTP/1.1 DELETE http://localhost:1028/api/cities/1/pointsofinterest/1  
2020-06-06 11:44:31.1356|INFO|Microsoft.AspNetCore.Mvc.Internal.ControllerActionInvoker|Route matched with {action = "DeletePointOfInterest", controller = "PointsOfInterest"}. Executing controller action with signature Microsoft.AspNetCore.Mvc.IActionResult DeletePointOfInterest(Int32, Int32) on controller CityInfoAPI.Controllers.PointsOfInterestController (CityInfoAPI).
2020-06-06 11:44:31.2107|INFO|Microsoft.AspNetCore.Mvc.Internal.ControllerActionInvoker|Route matched with {action = "DeletePointOfInterest", controller = "PointsOfInterest"}. Executing controller action with signature Microsoft.AspNetCore.Mvc.IActionResult DeletePointOfInterest(Int32, Int32) on controller CityInfoAPI.Controllers.PointsOfInterestController (CityInfoAPI).
2020-06-06 11:44:31.2315|INFO|Microsoft.AspNetCore.Mvc.Internal.ControllerActionInvoker|Executing action method CityInfoAPI.Controllers.PointsOfInterestController.DeletePointOfInterest (CityInfoAPI) - Validation state: Valid
2020-06-06 11:44:31.2457|INFO|Microsoft.AspNetCore.Mvc.Internal.ControllerActionInvoker|Executing action method CityInfoAPI.Controllers.PointsOfInterestController.DeletePointOfInterest (CityInfoAPI) - Validation state: Valid
2020-06-06 11:44:31.2654|INFO|Microsoft.AspNetCore.Mvc.Internal.ControllerActionInvoker|Executed action method CityInfoAPI.Controllers.PointsOfInterestController.DeletePointOfInterest (CityInfoAPI), returned result Microsoft.AspNetCore.Mvc.NotFoundResult in 0.023ms.
2020-06-06 11:44:31.2955|INFO|Microsoft.AspNetCore.Mvc.Internal.ControllerActionInvoker|Executed action method CityInfoAPI.Controllers.PointsOfInterestController.DeletePointOfInterest (CityInfoAPI), returned result Microsoft.AspNetCore.Mvc.NotFoundResult in 0.0109ms.
2020-06-06 11:44:31.3082|INFO|Microsoft.AspNetCore.Mvc.StatusCodeResult|Executing HttpStatusCodeResult, setting HTTP status code 404
2020-06-06 11:44:31.3082|INFO|Microsoft.AspNetCore.Mvc.StatusCodeResult|Executing HttpStatusCodeResult, setting HTTP status code 404
2020-06-06 11:44:31.3283|INFO|Microsoft.AspNetCore.Hosting.Internal.WebHost|Request starting HTTP/1.1 DELETE http://localhost:1028/api/cities/1/pointsofinterest/1  
2020-06-06 11:44:31.3466|INFO|Microsoft.AspNetCore.Mvc.Internal.ControllerActionInvoker|Executed action CityInfoAPI.Controllers.PointsOfInterestController.DeletePointOfInterest (CityInfoAPI) in 98.3956ms
2020-06-06 11:44:31.3466|INFO|Microsoft.AspNetCore.Mvc.Internal.ControllerActionInvoker|Executed action CityInfoAPI.Controllers.PointsOfInterestController.DeletePointOfInterest (CityInfoAPI) in 138.5343ms
2020-06-06 11:44:31.3511|INFO|Microsoft.AspNetCore.Mvc.Internal.ControllerActionInvoker|Route matched with {action = "DeletePointOfInterest", controller = "PointsOfInterest"}. Executing controller action with signature Microsoft.AspNetCore.Mvc.IActionResult DeletePointOfInterest(Int32, Int32) on controller CityInfoAPI.Controllers.PointsOfInterestController (CityInfoAPI).
2020-06-06 11:44:31.3710|INFO|Microsoft.AspNetCore.Hosting.Internal.WebHost|Request finished in 231.4801ms 404 text/plain
2020-06-06 11:44:31.3959|INFO|Microsoft.AspNetCore.Hosting.Internal.WebHost|Request finished in 249.1341ms 404 text/plain
2020-06-06 11:44:31.3959|INFO|Microsoft.AspNetCore.Mvc.Internal.ControllerActionInvoker|Executing action method CityInfoAPI.Controllers.PointsOfInterestController.DeletePointOfInterest (CityInfoAPI) - Validation state: Valid
2020-06-06 11:44:31.3959|INFO|Microsoft.AspNetCore.Mvc.Internal.ControllerActionInvoker|Executed action method CityInfoAPI.Controllers.PointsOfInterestController.DeletePointOfInterest (CityInfoAPI), returned result Microsoft.AspNetCore.Mvc.NotFoundResult in 0.0232ms.
2020-06-06 11:44:31.4124|INFO|Microsoft.AspNetCore.Mvc.StatusCodeResult|Executing HttpStatusCodeResult, setting HTTP status code 404
2020-06-06 11:44:31.4124|INFO|Microsoft.AspNetCore.Mvc.Internal.ControllerActionInvoker|Executed action CityInfoAPI.Controllers.PointsOfInterestController.DeletePointOfInterest (CityInfoAPI) in 53.4931ms
2020-06-06 11:44:31.4124|INFO|Microsoft.AspNetCore.Hosting.Internal.WebHost|Request finished in 208.1855ms 404 text/plain
2020-06-06 11:44:34.6224|INFO|Microsoft.AspNetCore.Hosting.Internal.WebHost|Request starting HTTP/1.1 GET http://localhost:1028/api/cities  
2020-06-06 11:44:34.6298|INFO|Microsoft.AspNetCore.Mvc.Internal.ControllerActionInvoker|Route matched with {action = "GetCities", controller = "Cities"}. Executing controller action with signature Microsoft.AspNetCore.Mvc.IActionResult GetCities() on controller CityInfoAPI.Controllers.CitiesController (CityInfoAPI).
2020-06-06 11:44:34.6298|INFO|Microsoft.AspNetCore.Mvc.Internal.ControllerActionInvoker|Executing action method CityInfoAPI.Controllers.CitiesController.GetCities (CityInfoAPI) - Validation state: Valid
2020-06-06 11:44:34.6510|INFO|Microsoft.AspNetCore.Mvc.Internal.ControllerActionInvoker|Executed action method CityInfoAPI.Controllers.CitiesController.GetCities (CityInfoAPI), returned result Microsoft.AspNetCore.Mvc.OkObjectResult in 0.5337ms.
2020-06-06 11:44:34.6667|INFO|Microsoft.AspNetCore.Mvc.Infrastructure.ObjectResultExecutor|Executing ObjectResult, writing value of type 'System.Collections.Generic.List`1[[CityInfoAPI.Models.CityDto, CityInfoAPI, Version=1.0.0.0, Culture=neutral, PublicKeyToken=null]]'.
2020-06-06 11:44:34.9044|INFO|Microsoft.AspNetCore.Mvc.Internal.ControllerActionInvoker|Executed action CityInfoAPI.Controllers.CitiesController.GetCities (CityInfoAPI) in 271.0572ms
2020-06-06 11:44:34.9108|INFO|Microsoft.AspNetCore.Hosting.Internal.WebHost|Request finished in 286.3047ms 200 application/json; charset=utf-8
2020-06-06 11:44:35.5558|INFO|Microsoft.AspNetCore.Hosting.Internal.WebHost|Request starting HTTP/1.1 GET http://localhost:1028/api/cities  
2020-06-06 11:44:35.5558|INFO|Microsoft.AspNetCore.Mvc.Internal.ControllerActionInvoker|Route matched with {action = "GetCities", controller = "Cities"}. Executing controller action with signature Microsoft.AspNetCore.Mvc.IActionResult GetCities() on controller CityInfoAPI.Controllers.CitiesController (CityInfoAPI).
2020-06-06 11:44:35.5558|INFO|Microsoft.AspNetCore.Mvc.Internal.ControllerActionInvoker|Executing action method CityInfoAPI.Controllers.CitiesController.GetCities (CityInfoAPI) - Validation state: Valid
2020-06-06 11:44:35.5739|INFO|Microsoft.AspNetCore.Mvc.Internal.ControllerActionInvoker|Executed action method CityInfoAPI.Controllers.CitiesController.GetCities (CityInfoAPI), returned result Microsoft.AspNetCore.Mvc.OkObjectResult in 0.0149ms.
2020-06-06 11:44:35.5739|INFO|Microsoft.AspNetCore.Mvc.Infrastructure.ObjectResultExecutor|Executing ObjectResult, writing value of type 'System.Collections.Generic.List`1[[CityInfoAPI.Models.CityDto, CityInfoAPI, Version=1.0.0.0, Culture=neutral, PublicKeyToken=null]]'.
2020-06-06 11:44:35.5877|INFO|Microsoft.AspNetCore.Mvc.Internal.ControllerActionInvoker|Executed action CityInfoAPI.Controllers.CitiesController.GetCities (CityInfoAPI) in 23.2339ms
2020-06-06 11:44:35.5877|INFO|Microsoft.AspNetCore.Hosting.Internal.WebHost|Request finished in 49.0335ms 200 application/json; charset=utf-8
2020-06-06 11:44:36.4862|INFO|Microsoft.AspNetCore.Hosting.Internal.WebHost|Request starting HTTP/1.1 GET http://localhost:1028/api/cities  
2020-06-06 11:44:36.5053|INFO|Microsoft.AspNetCore.Mvc.Internal.ControllerActionInvoker|Route matched with {action = "GetCities", controller = "Cities"}. Executing controller action with signature Microsoft.AspNetCore.Mvc.IActionResult GetCities() on controller CityInfoAPI.Controllers.CitiesController (CityInfoAPI).
2020-06-06 11:44:36.5053|INFO|Microsoft.AspNetCore.Mvc.Internal.ControllerActionInvoker|Executing action method CityInfoAPI.Controllers.CitiesController.GetCities (CityInfoAPI) - Validation state: Valid
2020-06-06 11:44:36.5351|INFO|Microsoft.AspNetCore.Mvc.Internal.ControllerActionInvoker|Executed action method CityInfoAPI.Controllers.CitiesController.GetCities (CityInfoAPI), returned result Microsoft.AspNetCore.Mvc.OkObjectResult in 0.0067ms.
2020-06-06 11:44:36.5396|INFO|Microsoft.AspNetCore.Mvc.Infrastructure.ObjectResultExecutor|Executing ObjectResult, writing value of type 'System.Collections.Generic.List`1[[CityInfoAPI.Models.CityDto, CityInfoAPI, Version=1.0.0.0, Culture=neutral, PublicKeyToken=null]]'.
2020-06-06 11:44:36.5585|INFO|Microsoft.AspNetCore.Mvc.Internal.ControllerActionInvoker|Executed action CityInfoAPI.Controllers.CitiesController.GetCities (CityInfoAPI) in 42.1473ms
2020-06-06 11:44:36.5585|INFO|Microsoft.AspNetCore.Hosting.Internal.WebHost|Request finished in 122.242ms 200 application/json; charset=utf-8
2020-06-06 11:44:37.6952|INFO|Microsoft.AspNetCore.Hosting.Internal.WebHost|Request starting HTTP/1.1 GET http://localhost:1028/api/cities  
2020-06-06 11:44:37.6952|INFO|Microsoft.AspNetCore.Mvc.Internal.ControllerActionInvoker|Route matched with {action = "GetCities", controller = "Cities"}. Executing controller action with signature Microsoft.AspNetCore.Mvc.IActionResult GetCities() on controller CityInfoAPI.Controllers.CitiesController (CityInfoAPI).
2020-06-06 11:44:37.7173|INFO|Microsoft.AspNetCore.Mvc.Internal.ControllerActionInvoker|Executing action method CityInfoAPI.Controllers.CitiesController.GetCities (CityInfoAPI) - Validation state: Valid
2020-06-06 11:44:37.7286|INFO|Microsoft.AspNetCore.Mvc.Internal.ControllerActionInvoker|Executed action method CityInfoAPI.Controllers.CitiesController.GetCities (CityInfoAPI), returned result Microsoft.AspNetCore.Mvc.OkObjectResult in 0.0076ms.
2020-06-06 11:44:37.7286|INFO|Microsoft.AspNetCore.Mvc.Infrastructure.ObjectResultExecutor|Executing ObjectResult, writing value of type 'System.Collections.Generic.List`1[[CityInfoAPI.Models.CityDto, CityInfoAPI, Version=1.0.0.0, Culture=neutral, PublicKeyToken=null]]'.
2020-06-06 11:44:37.7472|INFO|Microsoft.AspNetCore.Mvc.Internal.ControllerActionInvoker|Executed action CityInfoAPI.Controllers.CitiesController.GetCities (CityInfoAPI) in 37.089ms
2020-06-06 11:44:37.7472|INFO|Microsoft.AspNetCore.Hosting.Internal.WebHost|Request finished in 59.1524ms 200 application/json; charset=utf-8
2020-06-06 11:44:39.6815|INFO|Microsoft.AspNetCore.Hosting.Internal.WebHost|Request starting HTTP/1.1 GET http://localhost:1028/api/cities  
2020-06-06 11:44:39.6815|INFO|Microsoft.AspNetCore.Mvc.Internal.ControllerActionInvoker|Route matched with {action = "GetCities", controller = "Cities"}. Executing controller action with signature Microsoft.AspNetCore.Mvc.IActionResult GetCities() on controller CityInfoAPI.Controllers.CitiesController (CityInfoAPI).
2020-06-06 11:44:39.6815|INFO|Microsoft.AspNetCore.Mvc.Internal.ControllerActionInvoker|Executing action method CityInfoAPI.Controllers.CitiesController.GetCities (CityInfoAPI) - Validation state: Valid
2020-06-06 11:44:39.7005|INFO|Microsoft.AspNetCore.Mvc.Internal.ControllerActionInvoker|Executed action method CityInfoAPI.Controllers.CitiesController.GetCities (CityInfoAPI), returned result Microsoft.AspNetCore.Mvc.OkObjectResult in 0.0084ms.
2020-06-06 11:44:39.7005|INFO|Microsoft.AspNetCore.Mvc.Infrastructure.ObjectResultExecutor|Executing ObjectResult, writing value of type 'System.Collections.Generic.List`1[[CityInfoAPI.Models.CityDto, CityInfoAPI, Version=1.0.0.0, Culture=neutral, PublicKeyToken=null]]'.
2020-06-06 11:44:39.7140|INFO|Microsoft.AspNetCore.Mvc.Internal.ControllerActionInvoker|Executed action CityInfoAPI.Controllers.CitiesController.GetCities (CityInfoAPI) in 21.4192ms
2020-06-06 11:44:39.7140|INFO|Microsoft.AspNetCore.Hosting.Internal.WebHost|Request finished in 43.6195ms 200 application/json; charset=utf-8
2020-06-06 11:44:45.2281|INFO|Microsoft.AspNetCore.Hosting.Internal.WebHost|Request starting HTTP/1.1 DELETE http://localhost:1028/api/cities/1/pointsofinterest/1  
2020-06-06 11:44:45.2441|INFO|Microsoft.AspNetCore.Mvc.Internal.ControllerActionInvoker|Route matched with {action = "DeletePointOfInterest", controller = "PointsOfInterest"}. Executing controller action with signature Microsoft.AspNetCore.Mvc.IActionResult DeletePointOfInterest(Int32, Int32) on controller CityInfoAPI.Controllers.PointsOfInterestController (CityInfoAPI).
2020-06-06 11:44:45.2707|INFO|Microsoft.AspNetCore.Mvc.Internal.ControllerActionInvoker|Executing action method CityInfoAPI.Controllers.PointsOfInterestController.DeletePointOfInterest (CityInfoAPI) - Validation state: Valid
2020-06-06 11:44:45.2707|INFO|Microsoft.AspNetCore.Mvc.Internal.ControllerActionInvoker|Executed action method CityInfoAPI.Controllers.PointsOfInterestController.DeletePointOfInterest (CityInfoAPI), returned result Microsoft.AspNetCore.Mvc.NotFoundResult in 0.0087ms.
2020-06-06 11:44:45.2882|INFO|Microsoft.AspNetCore.Mvc.StatusCodeResult|Executing HttpStatusCodeResult, setting HTTP status code 404
2020-06-06 11:44:45.2882|INFO|Microsoft.AspNetCore.Mvc.Internal.ControllerActionInvoker|Executed action CityInfoAPI.Controllers.PointsOfInterestController.DeletePointOfInterest (CityInfoAPI) in 44.1708ms
2020-06-06 11:44:45.2882|INFO|Microsoft.AspNetCore.Hosting.Internal.WebHost|Request finished in 69.1079ms 404 text/plain
2020-06-06 11:44:46.1466|INFO|Microsoft.AspNetCore.Hosting.Internal.WebHost|Request starting HTTP/1.1 DELETE http://localhost:1028/api/cities/1/pointsofinterest/1  
2020-06-06 11:44:46.1526|INFO|Microsoft.AspNetCore.Mvc.Internal.ControllerActionInvoker|Route matched with {action = "DeletePointOfInterest", controller = "PointsOfInterest"}. Executing controller action with signature Microsoft.AspNetCore.Mvc.IActionResult DeletePointOfInterest(Int32, Int32) on controller CityInfoAPI.Controllers.PointsOfInterestController (CityInfoAPI).
2020-06-06 11:44:46.1711|INFO|Microsoft.AspNetCore.Mvc.Internal.ControllerActionInvoker|Executing action method CityInfoAPI.Controllers.PointsOfInterestController.DeletePointOfInterest (CityInfoAPI) - Validation state: Valid
2020-06-06 11:44:46.1711|INFO|Microsoft.AspNetCore.Mvc.Internal.ControllerActionInvoker|Executed action method CityInfoAPI.Controllers.PointsOfInterestController.DeletePointOfInterest (CityInfoAPI), returned result Microsoft.AspNetCore.Mvc.NotFoundResult in 0.0086ms.
2020-06-06 11:44:46.1863|INFO|Microsoft.AspNetCore.Mvc.StatusCodeResult|Executing HttpStatusCodeResult, setting HTTP status code 404
2020-06-06 11:44:46.1863|INFO|Microsoft.AspNetCore.Mvc.Internal.ControllerActionInvoker|Executed action CityInfoAPI.Controllers.PointsOfInterestController.DeletePointOfInterest (CityInfoAPI) in 32.3154ms
2020-06-06 11:44:46.1948|INFO|Microsoft.AspNetCore.Hosting.Internal.WebHost|Request finished in 48.7017ms 404 text/plain
2020-06-06 11:44:47.1204|INFO|Microsoft.AspNetCore.Hosting.Internal.WebHost|Request starting HTTP/1.1 DELETE http://localhost:1028/api/cities/1/pointsofinterest/1  
2020-06-06 11:44:47.1204|INFO|Microsoft.AspNetCore.Mvc.Internal.ControllerActionInvoker|Route matched with {action = "DeletePointOfInterest", controller = "PointsOfInterest"}. Executing controller action with signature Microsoft.AspNetCore.Mvc.IActionResult DeletePointOfInterest(Int32, Int32) on controller CityInfoAPI.Controllers.PointsOfInterestController (CityInfoAPI).
2020-06-06 11:44:47.1204|INFO|Microsoft.AspNetCore.Mvc.Internal.ControllerActionInvoker|Executing action method CityInfoAPI.Controllers.PointsOfInterestController.DeletePointOfInterest (CityInfoAPI) - Validation state: Valid
2020-06-06 11:44:47.1347|INFO|Microsoft.AspNetCore.Mvc.Internal.ControllerActionInvoker|Executed action method CityInfoAPI.Controllers.PointsOfInterestController.DeletePointOfInterest (CityInfoAPI), returned result Microsoft.AspNetCore.Mvc.NotFoundResult in 0.0095ms.
2020-06-06 11:44:47.1347|INFO|Microsoft.AspNetCore.Mvc.StatusCodeResult|Executing HttpStatusCodeResult, setting HTTP status code 404
2020-06-06 11:44:47.1347|INFO|Microsoft.AspNetCore.Mvc.Internal.ControllerActionInvoker|Executed action CityInfoAPI.Controllers.PointsOfInterestController.DeletePointOfInterest (CityInfoAPI) in 16.1786ms
2020-06-06 11:44:47.1524|INFO|Microsoft.AspNetCore.Hosting.Internal.WebHost|Request finished in 28.3285ms 404 text/plain
2020-06-06 11:45:31.2623|INFO|Microsoft.AspNetCore.DataProtection.KeyManagement.XmlKeyManager|User profile is available. Using 'C:\Users\dayaa\AppData\Local\ASP.NET\DataProtection-Keys' as key repository and Windows DPAPI to encrypt keys at rest.
2020-06-06 11:45:32.4259|INFO|Microsoft.AspNetCore.Hosting.Internal.WebHost|Request starting HTTP/1.1 DELETE http://localhost:1028/api/cities/1/pointsofinterest/1  
2020-06-06 11:45:32.4259|INFO|Microsoft.AspNetCore.Hosting.Internal.WebHost|Request starting HTTP/1.1 DEBUG http://localhost:1028/  0
2020-06-06 11:45:32.4259|INFO|Microsoft.AspNetCore.Hosting.Internal.WebHost|Request starting HTTP/1.1 GET http://localhost:1028/  
2020-06-06 11:45:32.4259|INFO|Microsoft.AspNetCore.Hosting.Internal.WebHost|Request starting HTTP/1.1 DELETE http://localhost:1028/api/cities/1/pointsofinterest/1  
2020-06-06 11:45:32.4990|INFO|Microsoft.AspNetCore.Hosting.Internal.WebHost|Request finished in 74.3074ms 200 
2020-06-06 11:45:32.7806|INFO|Microsoft.AspNetCore.Hosting.Internal.WebHost|Request finished in 359.4853ms 404 text/plain
2020-06-06 11:45:33.0014|INFO|Microsoft.AspNetCore.Mvc.Internal.ControllerActionInvoker|Route matched with {action = "DeletePointOfInterest", controller = "PointsOfInterest"}. Executing controller action with signature Microsoft.AspNetCore.Mvc.IActionResult DeletePointOfInterest(Int32, Int32) on controller CityInfoAPI.Controllers.PointsOfInterestController (CityInfoAPI).
2020-06-06 11:45:33.0014|INFO|Microsoft.AspNetCore.Mvc.Internal.ControllerActionInvoker|Route matched with {action = "DeletePointOfInterest", controller = "PointsOfInterest"}. Executing controller action with signature Microsoft.AspNetCore.Mvc.IActionResult DeletePointOfInterest(Int32, Int32) on controller CityInfoAPI.Controllers.PointsOfInterestController (CityInfoAPI).
2020-06-06 11:45:33.0658|INFO|Microsoft.AspNetCore.Mvc.Internal.ControllerActionInvoker|Executing action method CityInfoAPI.Controllers.PointsOfInterestController.DeletePointOfInterest (CityInfoAPI) - Validation state: Valid
2020-06-06 11:45:33.0692|INFO|Microsoft.AspNetCore.Mvc.Internal.ControllerActionInvoker|Executing action method CityInfoAPI.Controllers.PointsOfInterestController.DeletePointOfInterest (CityInfoAPI) - Validation state: Valid
2020-06-06 11:45:33.2442|INFO|Microsoft.AspNetCore.Mvc.Internal.ControllerActionInvoker|Executed action method CityInfoAPI.Controllers.PointsOfInterestController.DeletePointOfInterest (CityInfoAPI), returned result Microsoft.AspNetCore.Mvc.NoContentResult in 106.5129ms.
2020-06-06 11:45:33.2670|INFO|Microsoft.AspNetCore.Mvc.Internal.ControllerActionInvoker|Executed action method CityInfoAPI.Controllers.PointsOfInterestController.DeletePointOfInterest (CityInfoAPI), returned result Microsoft.AspNetCore.Mvc.NoContentResult in 121.2925ms.
2020-06-06 11:45:33.2843|INFO|Microsoft.AspNetCore.Hosting.Internal.WebHost|Request starting HTTP/1.1 DELETE http://localhost:1028/api/cities/1/pointsofinterest/1  
2020-06-06 11:45:33.3040|INFO|Microsoft.AspNetCore.Mvc.StatusCodeResult|Executing HttpStatusCodeResult, setting HTTP status code 204
2020-06-06 11:45:33.3040|INFO|Microsoft.AspNetCore.Mvc.Internal.ControllerActionInvoker|Route matched with {action = "DeletePointOfInterest", controller = "PointsOfInterest"}. Executing controller action with signature Microsoft.AspNetCore.Mvc.IActionResult DeletePointOfInterest(Int32, Int32) on controller CityInfoAPI.Controllers.PointsOfInterestController (CityInfoAPI).
2020-06-06 11:45:33.3040|INFO|Microsoft.AspNetCore.Mvc.StatusCodeResult|Executing HttpStatusCodeResult, setting HTTP status code 204
2020-06-06 11:45:33.3203|INFO|Microsoft.AspNetCore.Mvc.Internal.ControllerActionInvoker|Executing action method CityInfoAPI.Controllers.PointsOfInterestController.DeletePointOfInterest (CityInfoAPI) - Validation state: Valid
2020-06-06 11:45:33.3203|INFO|Microsoft.AspNetCore.Mvc.Internal.ControllerActionInvoker|Executed action method CityInfoAPI.Controllers.PointsOfInterestController.DeletePointOfInterest (CityInfoAPI), returned result Microsoft.AspNetCore.Mvc.NotFoundResult in 0.0467ms.
2020-06-06 11:45:33.3381|INFO|Microsoft.AspNetCore.Mvc.StatusCodeResult|Executing HttpStatusCodeResult, setting HTTP status code 404
2020-06-06 11:45:33.3381|INFO|Microsoft.AspNetCore.Mvc.Internal.ControllerActionInvoker|Executed action CityInfoAPI.Controllers.PointsOfInterestController.DeletePointOfInterest (CityInfoAPI) in 316.8638ms
2020-06-06 11:45:33.3654|INFO|Microsoft.AspNetCore.Mvc.Internal.ControllerActionInvoker|Executed action CityInfoAPI.Controllers.PointsOfInterestController.DeletePointOfInterest (CityInfoAPI) in 317.3178ms
2020-06-06 11:45:33.3654|INFO|Microsoft.AspNetCore.Mvc.Internal.ControllerActionInvoker|Executed action CityInfoAPI.Controllers.PointsOfInterestController.DeletePointOfInterest (CityInfoAPI) in 29.0913ms
2020-06-06 11:45:33.3905|INFO|Microsoft.AspNetCore.Hosting.Internal.WebHost|Request finished in 955.7179ms 204 
2020-06-06 11:45:33.3987|INFO|Microsoft.AspNetCore.Hosting.Internal.WebHost|Request finished in 112.8181ms 404 text/plain
2020-06-06 11:45:33.4152|INFO|Microsoft.AspNetCore.Hosting.Internal.WebHost|Request finished in 955.7903ms 204 
2020-06-06 11:45:34.1781|INFO|Microsoft.AspNetCore.Hosting.Internal.WebHost|Request starting HTTP/1.1 DELETE http://localhost:1028/api/cities/1/pointsofinterest/1  
2020-06-06 11:45:34.1781|INFO|Microsoft.AspNetCore.Mvc.Internal.ControllerActionInvoker|Route matched with {action = "DeletePointOfInterest", controller = "PointsOfInterest"}. Executing controller action with signature Microsoft.AspNetCore.Mvc.IActionResult DeletePointOfInterest(Int32, Int32) on controller CityInfoAPI.Controllers.PointsOfInterestController (CityInfoAPI).
2020-06-06 11:45:34.1781|INFO|Microsoft.AspNetCore.Mvc.Internal.ControllerActionInvoker|Executing action method CityInfoAPI.Controllers.PointsOfInterestController.DeletePointOfInterest (CityInfoAPI) - Validation state: Valid
2020-06-06 11:45:34.1958|INFO|Microsoft.AspNetCore.Mvc.Internal.ControllerActionInvoker|Executed action method CityInfoAPI.Controllers.PointsOfInterestController.DeletePointOfInterest (CityInfoAPI), returned result Microsoft.AspNetCore.Mvc.NotFoundResult in 0.0217ms.
2020-06-06 11:45:34.1958|INFO|Microsoft.AspNetCore.Mvc.StatusCodeResult|Executing HttpStatusCodeResult, setting HTTP status code 404
2020-06-06 11:45:34.1958|INFO|Microsoft.AspNetCore.Mvc.Internal.ControllerActionInvoker|Executed action CityInfoAPI.Controllers.PointsOfInterestController.DeletePointOfInterest (CityInfoAPI) in 17.1107ms
2020-06-06 11:45:34.2158|INFO|Microsoft.AspNetCore.Hosting.Internal.WebHost|Request finished in 34.6568ms 404 text/plain
2020-06-06 23:38:25.5489|INFO|Microsoft.AspNetCore.DataProtection.KeyManagement.XmlKeyManager|User profile is available. Using 'C:\Users\dayaa\AppData\Local\ASP.NET\DataProtection-Keys' as key repository and Windows DPAPI to encrypt keys at rest.
2020-06-06 23:38:27.9042|INFO|Microsoft.AspNetCore.Hosting.Internal.WebHost|Request starting HTTP/1.1 DEBUG http://localhost:1028/  0
2020-06-06 23:38:27.9042|INFO|Microsoft.AspNetCore.Hosting.Internal.WebHost|Request starting HTTP/1.1 GET http://localhost:1028/  
2020-06-06 23:38:28.1831|INFO|Microsoft.AspNetCore.Hosting.Internal.WebHost|Request finished in 277.8059ms 200 
2020-06-06 23:38:29.0313|INFO|Microsoft.AspNetCore.Hosting.Internal.WebHost|Request finished in 1130.3669ms 404 text/plain
2020-06-06 23:38:29.2366|INFO|Microsoft.AspNetCore.Hosting.Internal.WebHost|Request starting HTTP/1.1 GET http://localhost:1028/favicon.ico  
2020-06-06 23:38:29.2627|INFO|Microsoft.AspNetCore.Hosting.Internal.WebHost|Request finished in 11.5344ms 404 text/plain
2020-06-06 23:38:39.6584|INFO|Microsoft.AspNetCore.Hosting.Internal.WebHost|Request starting HTTP/1.1 DELETE http://localhost:1028/api/cities/1/pointsofinterest/1  
2020-06-06 23:38:39.8638|INFO|Microsoft.AspNetCore.Mvc.Internal.ControllerActionInvoker|Route matched with {action = "DeletePointOfInterest", controller = "PointsOfInterest"}. Executing controller action with signature Microsoft.AspNetCore.Mvc.IActionResult DeletePointOfInterest(Int32, Int32) on controller CityInfoAPI.Controllers.PointsOfInterestController (CityInfoAPI).
2020-06-06 23:38:39.9237|INFO|Microsoft.AspNetCore.Mvc.Internal.ControllerActionInvoker|Executing action method CityInfoAPI.Controllers.PointsOfInterestController.DeletePointOfInterest (CityInfoAPI) - Validation state: Valid
2020-06-06 23:38:39.9507|INFO|Microsoft.AspNetCore.Mvc.Internal.ControllerActionInvoker|Executed action method CityInfoAPI.Controllers.PointsOfInterestController.DeletePointOfInterest (CityInfoAPI), returned result Microsoft.AspNetCore.Mvc.NoContentResult in 16.3828ms.
2020-06-06 23:38:39.9685|INFO|Microsoft.AspNetCore.Mvc.StatusCodeResult|Executing HttpStatusCodeResult, setting HTTP status code 204
2020-06-06 23:38:39.9837|INFO|Microsoft.AspNetCore.Mvc.Internal.ControllerActionInvoker|Executed action CityInfoAPI.Controllers.PointsOfInterestController.DeletePointOfInterest (CityInfoAPI) in 105.432ms
2020-06-06 23:38:39.9941|INFO|Microsoft.AspNetCore.Hosting.Internal.WebHost|Request finished in 341.3786ms 204 
2020-06-06 23:38:41.2375|INFO|Microsoft.AspNetCore.Hosting.Internal.WebHost|Request starting HTTP/1.1 DELETE http://localhost:1028/api/cities/1/pointsofinterest/1  
2020-06-06 23:38:41.2421|INFO|Microsoft.AspNetCore.Mvc.Internal.ControllerActionInvoker|Route matched with {action = "DeletePointOfInterest", controller = "PointsOfInterest"}. Executing controller action with signature Microsoft.AspNetCore.Mvc.IActionResult DeletePointOfInterest(Int32, Int32) on controller CityInfoAPI.Controllers.PointsOfInterestController (CityInfoAPI).
2020-06-06 23:38:41.2543|INFO|Microsoft.AspNetCore.Mvc.Internal.ControllerActionInvoker|Executing action method CityInfoAPI.Controllers.PointsOfInterestController.DeletePointOfInterest (CityInfoAPI) - Validation state: Valid
2020-06-06 23:38:41.2543|INFO|Microsoft.AspNetCore.Mvc.Internal.ControllerActionInvoker|Executed action method CityInfoAPI.Controllers.PointsOfInterestController.DeletePointOfInterest (CityInfoAPI), returned result Microsoft.AspNetCore.Mvc.NotFoundResult in 0.0692ms.
2020-06-06 23:38:41.2543|INFO|Microsoft.AspNetCore.Mvc.StatusCodeResult|Executing HttpStatusCodeResult, setting HTTP status code 404
2020-06-06 23:38:41.2736|INFO|Microsoft.AspNetCore.Mvc.Internal.ControllerActionInvoker|Executed action CityInfoAPI.Controllers.PointsOfInterestController.DeletePointOfInterest (CityInfoAPI) in 25.6313ms
2020-06-06 23:38:41.2873|INFO|Microsoft.AspNetCore.Hosting.Internal.WebHost|Request finished in 42.6372ms 404 text/plain
2020-06-06 23:38:53.2117|INFO|Microsoft.AspNetCore.Hosting.Internal.WebHost|Request starting HTTP/1.1 DELETE http://localhost:1028/api/cities/1/pointsofinterest/1  
2020-06-06 23:38:53.2117|INFO|Microsoft.AspNetCore.Mvc.Internal.ControllerActionInvoker|Route matched with {action = "DeletePointOfInterest", controller = "PointsOfInterest"}. Executing controller action with signature Microsoft.AspNetCore.Mvc.IActionResult DeletePointOfInterest(Int32, Int32) on controller CityInfoAPI.Controllers.PointsOfInterestController (CityInfoAPI).
2020-06-06 23:38:53.2236|INFO|Microsoft.AspNetCore.Mvc.Internal.ControllerActionInvoker|Executing action method CityInfoAPI.Controllers.PointsOfInterestController.DeletePointOfInterest (CityInfoAPI) - Validation state: Valid
2020-06-06 23:38:53.2236|INFO|Microsoft.AspNetCore.Mvc.Internal.ControllerActionInvoker|Executed action method CityInfoAPI.Controllers.PointsOfInterestController.DeletePointOfInterest (CityInfoAPI), returned result Microsoft.AspNetCore.Mvc.NotFoundResult in 0.0085ms.
2020-06-06 23:38:53.2463|INFO|Microsoft.AspNetCore.Mvc.StatusCodeResult|Executing HttpStatusCodeResult, setting HTTP status code 404
2020-06-06 23:38:53.2463|INFO|Microsoft.AspNetCore.Mvc.Internal.ControllerActionInvoker|Executed action CityInfoAPI.Controllers.PointsOfInterestController.DeletePointOfInterest (CityInfoAPI) in 29.0535ms
2020-06-06 23:38:53.2705|INFO|Microsoft.AspNetCore.Hosting.Internal.WebHost|Request finished in 48.8062ms 404 text/plain
2020-06-06 23:38:54.1786|INFO|Microsoft.AspNetCore.Hosting.Internal.WebHost|Request starting HTTP/1.1 DELETE http://localhost:1028/api/cities/1/pointsofinterest/1  
2020-06-06 23:38:54.1786|INFO|Microsoft.AspNetCore.Mvc.Internal.ControllerActionInvoker|Route matched with {action = "DeletePointOfInterest", controller = "PointsOfInterest"}. Executing controller action with signature Microsoft.AspNetCore.Mvc.IActionResult DeletePointOfInterest(Int32, Int32) on controller CityInfoAPI.Controllers.PointsOfInterestController (CityInfoAPI).
2020-06-06 23:38:54.2048|INFO|Microsoft.AspNetCore.Mvc.Internal.ControllerActionInvoker|Executing action method CityInfoAPI.Controllers.PointsOfInterestController.DeletePointOfInterest (CityInfoAPI) - Validation state: Valid
2020-06-06 23:38:54.2117|INFO|Microsoft.AspNetCore.Mvc.Internal.ControllerActionInvoker|Executed action method CityInfoAPI.Controllers.PointsOfInterestController.DeletePointOfInterest (CityInfoAPI), returned result Microsoft.AspNetCore.Mvc.NotFoundResult in 0.0086ms.
2020-06-06 23:38:54.2117|INFO|Microsoft.AspNetCore.Mvc.StatusCodeResult|Executing HttpStatusCodeResult, setting HTTP status code 404
2020-06-06 23:38:54.2286|INFO|Microsoft.AspNetCore.Mvc.Internal.ControllerActionInvoker|Executed action CityInfoAPI.Controllers.PointsOfInterestController.DeletePointOfInterest (CityInfoAPI) in 36.173ms
2020-06-06 23:38:54.2286|INFO|Microsoft.AspNetCore.Hosting.Internal.WebHost|Request finished in 54.3974ms 404 text/plain
2020-06-06 23:38:55.0844|INFO|Microsoft.AspNetCore.Hosting.Internal.WebHost|Request starting HTTP/1.1 DELETE http://localhost:1028/api/cities/1/pointsofinterest/1  
2020-06-06 23:38:55.3513|INFO|Microsoft.AspNetCore.Mvc.Internal.ControllerActionInvoker|Route matched with {action = "DeletePointOfInterest", controller = "PointsOfInterest"}. Executing controller action with signature Microsoft.AspNetCore.Mvc.IActionResult DeletePointOfInterest(Int32, Int32) on controller CityInfoAPI.Controllers.PointsOfInterestController (CityInfoAPI).
2020-06-06 23:38:55.4331|INFO|Microsoft.AspNetCore.Mvc.Internal.ControllerActionInvoker|Executing action method CityInfoAPI.Controllers.PointsOfInterestController.DeletePointOfInterest (CityInfoAPI) - Validation state: Valid
2020-06-06 23:38:55.4331|INFO|Microsoft.AspNetCore.Mvc.Internal.ControllerActionInvoker|Executed action method CityInfoAPI.Controllers.PointsOfInterestController.DeletePointOfInterest (CityInfoAPI), returned result Microsoft.AspNetCore.Mvc.NotFoundResult in 0.0138ms.
2020-06-06 23:38:55.4456|INFO|Microsoft.AspNetCore.Mvc.StatusCodeResult|Executing HttpStatusCodeResult, setting HTTP status code 404
2020-06-06 23:38:55.4456|INFO|Microsoft.AspNetCore.Mvc.Internal.ControllerActionInvoker|Executed action CityInfoAPI.Controllers.PointsOfInterestController.DeletePointOfInterest (CityInfoAPI) in 92.1583ms
2020-06-06 23:38:55.4584|INFO|Microsoft.AspNetCore.Hosting.Internal.WebHost|Request finished in 380.9823ms 404 text/plain
2020-06-06 23:38:56.1964|INFO|Microsoft.AspNetCore.Hosting.Internal.WebHost|Request starting HTTP/1.1 DELETE http://localhost:1028/api/cities/1/pointsofinterest/1  
2020-06-06 23:38:56.2189|INFO|Microsoft.AspNetCore.Mvc.Internal.ControllerActionInvoker|Route matched with {action = "DeletePointOfInterest", controller = "PointsOfInterest"}. Executing controller action with signature Microsoft.AspNetCore.Mvc.IActionResult DeletePointOfInterest(Int32, Int32) on controller CityInfoAPI.Controllers.PointsOfInterestController (CityInfoAPI).
2020-06-06 23:38:56.2311|INFO|Microsoft.AspNetCore.Mvc.Internal.ControllerActionInvoker|Executing action method CityInfoAPI.Controllers.PointsOfInterestController.DeletePointOfInterest (CityInfoAPI) - Validation state: Valid
2020-06-06 23:38:56.2379|INFO|Microsoft.AspNetCore.Mvc.Internal.ControllerActionInvoker|Executed action method CityInfoAPI.Controllers.PointsOfInterestController.DeletePointOfInterest (CityInfoAPI), returned result Microsoft.AspNetCore.Mvc.NotFoundResult in 0.0089ms.
2020-06-06 23:38:56.2379|INFO|Microsoft.AspNetCore.Mvc.StatusCodeResult|Executing HttpStatusCodeResult, setting HTTP status code 404
2020-06-06 23:38:56.2636|INFO|Microsoft.AspNetCore.Mvc.Internal.ControllerActionInvoker|Executed action CityInfoAPI.Controllers.PointsOfInterestController.DeletePointOfInterest (CityInfoAPI) in 34.3876ms
2020-06-06 23:38:56.2755|INFO|Microsoft.AspNetCore.Hosting.Internal.WebHost|Request finished in 72.2417ms 404 text/plain
2020-06-06 23:38:57.1497|INFO|Microsoft.AspNetCore.Hosting.Internal.WebHost|Request starting HTTP/1.1 DELETE http://localhost:1028/api/cities/1/pointsofinterest/1  
2020-06-06 23:38:57.1497|INFO|Microsoft.AspNetCore.Mvc.Internal.ControllerActionInvoker|Route matched with {action = "DeletePointOfInterest", controller = "PointsOfInterest"}. Executing controller action with signature Microsoft.AspNetCore.Mvc.IActionResult DeletePointOfInterest(Int32, Int32) on controller CityInfoAPI.Controllers.PointsOfInterestController (CityInfoAPI).
2020-06-06 23:38:57.1607|INFO|Microsoft.AspNetCore.Mvc.Internal.ControllerActionInvoker|Executing action method CityInfoAPI.Controllers.PointsOfInterestController.DeletePointOfInterest (CityInfoAPI) - Validation state: Valid
2020-06-06 23:38:57.1607|INFO|Microsoft.AspNetCore.Mvc.Internal.ControllerActionInvoker|Executed action method CityInfoAPI.Controllers.PointsOfInterestController.DeletePointOfInterest (CityInfoAPI), returned result Microsoft.AspNetCore.Mvc.NotFoundResult in 0.009ms.
2020-06-06 23:38:57.1761|INFO|Microsoft.AspNetCore.Mvc.StatusCodeResult|Executing HttpStatusCodeResult, setting HTTP status code 404
2020-06-06 23:38:57.1761|INFO|Microsoft.AspNetCore.Mvc.Internal.ControllerActionInvoker|Executed action CityInfoAPI.Controllers.PointsOfInterestController.DeletePointOfInterest (CityInfoAPI) in 20.7247ms
2020-06-06 23:38:57.1761|INFO|Microsoft.AspNetCore.Hosting.Internal.WebHost|Request finished in 39.3582ms 404 text/plain
2020-06-06 23:38:58.0247|INFO|Microsoft.AspNetCore.Hosting.Internal.WebHost|Request starting HTTP/1.1 DELETE http://localhost:1028/api/cities/1/pointsofinterest/1  
2020-06-06 23:38:58.0247|INFO|Microsoft.AspNetCore.Mvc.Internal.ControllerActionInvoker|Route matched with {action = "DeletePointOfInterest", controller = "PointsOfInterest"}. Executing controller action with signature Microsoft.AspNetCore.Mvc.IActionResult DeletePointOfInterest(Int32, Int32) on controller CityInfoAPI.Controllers.PointsOfInterestController (CityInfoAPI).
2020-06-06 23:38:58.0379|INFO|Microsoft.AspNetCore.Mvc.Internal.ControllerActionInvoker|Executing action method CityInfoAPI.Controllers.PointsOfInterestController.DeletePointOfInterest (CityInfoAPI) - Validation state: Valid
2020-06-06 23:38:58.0379|INFO|Microsoft.AspNetCore.Mvc.Internal.ControllerActionInvoker|Executed action method CityInfoAPI.Controllers.PointsOfInterestController.DeletePointOfInterest (CityInfoAPI), returned result Microsoft.AspNetCore.Mvc.NotFoundResult in 0.0084ms.
2020-06-06 23:38:58.0532|INFO|Microsoft.AspNetCore.Mvc.StatusCodeResult|Executing HttpStatusCodeResult, setting HTTP status code 404
2020-06-06 23:38:58.0532|INFO|Microsoft.AspNetCore.Mvc.Internal.ControllerActionInvoker|Executed action CityInfoAPI.Controllers.PointsOfInterestController.DeletePointOfInterest (CityInfoAPI) in 19.8986ms
2020-06-06 23:38:58.0532|INFO|Microsoft.AspNetCore.Hosting.Internal.WebHost|Request finished in 42.1602ms 404 text/plain
2020-06-06 23:51:27.1213|INFO|Microsoft.AspNetCore.DataProtection.KeyManagement.XmlKeyManager|User profile is available. Using 'C:\Users\dayaa\AppData\Local\ASP.NET\DataProtection-Keys' as key repository and Windows DPAPI to encrypt keys at rest.
2020-06-06 23:51:27.8134|INFO|Microsoft.AspNetCore.Hosting.Internal.WebHost|Request starting HTTP/1.1 GET http://localhost:1028/  
2020-06-06 23:51:27.8134|INFO|Microsoft.AspNetCore.Hosting.Internal.WebHost|Request starting HTTP/1.1 DEBUG http://localhost:1028/  0
2020-06-06 23:51:27.9310|INFO|Microsoft.AspNetCore.Hosting.Internal.WebHost|Request finished in 79.4641ms 200 
2020-06-06 23:51:28.3649|INFO|Microsoft.AspNetCore.Hosting.Internal.WebHost|Request finished in 546.0006ms 404 text/plain
2020-06-06 23:51:31.5512|INFO|Microsoft.AspNetCore.Hosting.Internal.WebHost|Request starting HTTP/1.1 DELETE http://localhost:1028/api/cities/1/pointsofinterest/1  
2020-06-06 23:51:31.6867|INFO|Microsoft.AspNetCore.Mvc.Internal.ControllerActionInvoker|Route matched with {action = "DeletePointOfInterest", controller = "PointsOfInterest"}. Executing controller action with signature Microsoft.AspNetCore.Mvc.IActionResult DeletePointOfInterest(Int32, Int32) on controller CityInfoAPI.Controllers.PointsOfInterestController (CityInfoAPI).
2020-06-06 23:51:31.7375|INFO|Microsoft.AspNetCore.Mvc.Internal.ControllerActionInvoker|Executing action method CityInfoAPI.Controllers.PointsOfInterestController.DeletePointOfInterest (CityInfoAPI) - Validation state: Valid
2020-06-06 23:51:31.7623|INFO|Microsoft.AspNetCore.Mvc.Internal.ControllerActionInvoker|Executed action method CityInfoAPI.Controllers.PointsOfInterestController.DeletePointOfInterest (CityInfoAPI), returned result Microsoft.AspNetCore.Mvc.NoContentResult in 15.1293ms.
2020-06-06 23:51:31.7872|INFO|Microsoft.AspNetCore.Mvc.StatusCodeResult|Executing HttpStatusCodeResult, setting HTTP status code 204
2020-06-06 23:51:31.8027|INFO|Microsoft.AspNetCore.Mvc.Internal.ControllerActionInvoker|Executed action CityInfoAPI.Controllers.PointsOfInterestController.DeletePointOfInterest (CityInfoAPI) in 103.7396ms
2020-06-06 23:51:31.8027|INFO|Microsoft.AspNetCore.Hosting.Internal.WebHost|Request finished in 263.8293ms 204 
2020-06-06 23:51:33.1700|INFO|Microsoft.AspNetCore.Hosting.Internal.WebHost|Request starting HTTP/1.1 DELETE http://localhost:1028/api/cities/1/pointsofinterest/1  
2020-06-06 23:51:33.1700|INFO|Microsoft.AspNetCore.Mvc.Internal.ControllerActionInvoker|Route matched with {action = "DeletePointOfInterest", controller = "PointsOfInterest"}. Executing controller action with signature Microsoft.AspNetCore.Mvc.IActionResult DeletePointOfInterest(Int32, Int32) on controller CityInfoAPI.Controllers.PointsOfInterestController (CityInfoAPI).
2020-06-06 23:51:33.1799|INFO|Microsoft.AspNetCore.Mvc.Internal.ControllerActionInvoker|Executing action method CityInfoAPI.Controllers.PointsOfInterestController.DeletePointOfInterest (CityInfoAPI) - Validation state: Valid
2020-06-06 23:51:33.1799|INFO|Microsoft.AspNetCore.Mvc.Internal.ControllerActionInvoker|Executed action method CityInfoAPI.Controllers.PointsOfInterestController.DeletePointOfInterest (CityInfoAPI), returned result Microsoft.AspNetCore.Mvc.NotFoundResult in 0.073ms.
2020-06-06 23:51:33.1799|INFO|Microsoft.AspNetCore.Mvc.StatusCodeResult|Executing HttpStatusCodeResult, setting HTTP status code 404
2020-06-06 23:51:33.1950|INFO|Microsoft.AspNetCore.Mvc.Internal.ControllerActionInvoker|Executed action CityInfoAPI.Controllers.PointsOfInterestController.DeletePointOfInterest (CityInfoAPI) in 13.9847ms
2020-06-06 23:51:33.1950|INFO|Microsoft.AspNetCore.Hosting.Internal.WebHost|Request finished in 29.3692ms 404 text/plain
2020-06-06 23:51:35.0972|INFO|Microsoft.AspNetCore.Hosting.Internal.WebHost|Request starting HTTP/1.1 DELETE http://localhost:1028/api/cities/1/pointsofinterest/1  
2020-06-06 23:51:35.1023|INFO|Microsoft.AspNetCore.Mvc.Internal.ControllerActionInvoker|Route matched with {action = "DeletePointOfInterest", controller = "PointsOfInterest"}. Executing controller action with signature Microsoft.AspNetCore.Mvc.IActionResult DeletePointOfInterest(Int32, Int32) on controller CityInfoAPI.Controllers.PointsOfInterestController (CityInfoAPI).
2020-06-06 23:51:35.1360|INFO|Microsoft.AspNetCore.Mvc.Internal.ControllerActionInvoker|Executing action method CityInfoAPI.Controllers.PointsOfInterestController.DeletePointOfInterest (CityInfoAPI) - Validation state: Valid
2020-06-06 23:51:35.1448|INFO|Microsoft.AspNetCore.Mvc.Internal.ControllerActionInvoker|Executed action method CityInfoAPI.Controllers.PointsOfInterestController.DeletePointOfInterest (CityInfoAPI), returned result Microsoft.AspNetCore.Mvc.NotFoundResult in 0.0087ms.
2020-06-06 23:51:35.1600|INFO|Microsoft.AspNetCore.Mvc.StatusCodeResult|Executing HttpStatusCodeResult, setting HTTP status code 404
2020-06-06 23:51:35.1600|INFO|Microsoft.AspNetCore.Mvc.Internal.ControllerActionInvoker|Executed action CityInfoAPI.Controllers.PointsOfInterestController.DeletePointOfInterest (CityInfoAPI) in 57.4337ms
2020-06-06 23:51:35.1600|INFO|Microsoft.AspNetCore.Hosting.Internal.WebHost|Request finished in 71.358ms 404 text/plain
2020-06-06 23:51:38.4498|INFO|Microsoft.AspNetCore.Hosting.Internal.WebHost|Request starting HTTP/1.1 DELETE http://localhost:1028/api/cities/1/pointsofinterest/1  
2020-06-06 23:51:38.4498|INFO|Microsoft.AspNetCore.Mvc.Internal.ControllerActionInvoker|Route matched with {action = "DeletePointOfInterest", controller = "PointsOfInterest"}. Executing controller action with signature Microsoft.AspNetCore.Mvc.IActionResult DeletePointOfInterest(Int32, Int32) on controller CityInfoAPI.Controllers.PointsOfInterestController (CityInfoAPI).
2020-06-06 23:51:38.4844|INFO|Microsoft.AspNetCore.Mvc.Internal.ControllerActionInvoker|Executing action method CityInfoAPI.Controllers.PointsOfInterestController.DeletePointOfInterest (CityInfoAPI) - Validation state: Valid
2020-06-06 23:51:38.4947|INFO|Microsoft.AspNetCore.Mvc.Internal.ControllerActionInvoker|Executed action method CityInfoAPI.Controllers.PointsOfInterestController.DeletePointOfInterest (CityInfoAPI), returned result Microsoft.AspNetCore.Mvc.NotFoundResult in 0.0091ms.
2020-06-06 23:51:38.4947|INFO|Microsoft.AspNetCore.Mvc.StatusCodeResult|Executing HttpStatusCodeResult, setting HTTP status code 404
2020-06-06 23:51:38.5141|INFO|Microsoft.AspNetCore.Mvc.Internal.ControllerActionInvoker|Executed action CityInfoAPI.Controllers.PointsOfInterestController.DeletePointOfInterest (CityInfoAPI) in 46.5457ms
2020-06-06 23:51:38.5269|INFO|Microsoft.AspNetCore.Hosting.Internal.WebHost|Request finished in 82.8979ms 404 text/plain
2020-06-06 23:51:39.4082|INFO|Microsoft.AspNetCore.Hosting.Internal.WebHost|Request starting HTTP/1.1 DELETE http://localhost:1028/api/cities/1/pointsofinterest/1  
2020-06-06 23:51:39.4143|INFO|Microsoft.AspNetCore.Mvc.Internal.ControllerActionInvoker|Route matched with {action = "DeletePointOfInterest", controller = "PointsOfInterest"}. Executing controller action with signature Microsoft.AspNetCore.Mvc.IActionResult DeletePointOfInterest(Int32, Int32) on controller CityInfoAPI.Controllers.PointsOfInterestController (CityInfoAPI).
2020-06-06 23:51:39.4143|INFO|Microsoft.AspNetCore.Mvc.Internal.ControllerActionInvoker|Executing action method CityInfoAPI.Controllers.PointsOfInterestController.DeletePointOfInterest (CityInfoAPI) - Validation state: Valid
2020-06-06 23:51:39.4281|INFO|Microsoft.AspNetCore.Mvc.Internal.ControllerActionInvoker|Executed action method CityInfoAPI.Controllers.PointsOfInterestController.DeletePointOfInterest (CityInfoAPI), returned result Microsoft.AspNetCore.Mvc.NotFoundResult in 0.0085ms.
2020-06-06 23:51:39.4281|INFO|Microsoft.AspNetCore.Mvc.StatusCodeResult|Executing HttpStatusCodeResult, setting HTTP status code 404
2020-06-06 23:51:39.4281|INFO|Microsoft.AspNetCore.Mvc.Internal.ControllerActionInvoker|Executed action CityInfoAPI.Controllers.PointsOfInterestController.DeletePointOfInterest (CityInfoAPI) in 18.3993ms
2020-06-06 23:51:39.4422|INFO|Microsoft.AspNetCore.Hosting.Internal.WebHost|Request finished in 39.5469ms 404 text/plain
2020-06-06 23:54:35.1477|INFO|Microsoft.AspNetCore.DataProtection.KeyManagement.XmlKeyManager|User profile is available. Using 'C:\Users\dayaa\AppData\Local\ASP.NET\DataProtection-Keys' as key repository and Windows DPAPI to encrypt keys at rest.
2020-06-06 23:54:35.7384|FATAL|Microsoft.AspNetCore.Hosting.Internal.WebHost|Application startup exception
2020-06-06 23:54:36.1545|INFO|Microsoft.AspNetCore.Hosting.Internal.WebHost|Request starting HTTP/1.1 GET http://localhost:1028/  
2020-06-06 23:54:36.1545|INFO|Microsoft.AspNetCore.Hosting.Internal.WebHost|Request starting HTTP/1.1 DEBUG http://localhost:1028/  0
2020-06-06 23:54:36.2108|INFO|Microsoft.AspNetCore.Hosting.Internal.WebHost|Request finished in 39.2207ms 500 
2020-06-06 23:54:36.2108|ERROR|Microsoft.AspNetCore.Server.Kestrel|Connection id "0HM0ACGQ1IO7C", Request id "0HM0ACGQ1IO7C:00000001": An unhandled exception was thrown by the application.
2020-06-06 23:54:36.2268|INFO|Microsoft.AspNetCore.Hosting.Internal.WebHost|Request finished in 73.2283ms 500 text/html; charset=utf-8
2020-06-06 23:54:38.7268|INFO|Microsoft.AspNetCore.Hosting.Internal.WebHost|Request starting HTTP/1.1 DELETE http://localhost:1028/api/cities/1/pointsofinterest/1  
2020-06-06 23:54:38.7491|INFO|Microsoft.AspNetCore.Hosting.Internal.WebHost|Request finished in 6.6999ms 500 text/html; charset=utf-8
2020-06-06 23:54:49.9788|INFO|Microsoft.AspNetCore.Hosting.Internal.WebHost|Request starting HTTP/1.1 DELETE http://localhost:1028/api/cities/1/pointsofinterest/1  
2020-06-06 23:54:50.0044|INFO|Microsoft.AspNetCore.Hosting.Internal.WebHost|Request finished in 5.2038ms 500 text/html; charset=utf-8
2020-06-06 23:55:57.3238|INFO|Microsoft.AspNetCore.DataProtection.KeyManagement.XmlKeyManager|User profile is available. Using 'C:\Users\dayaa\AppData\Local\ASP.NET\DataProtection-Keys' as key repository and Windows DPAPI to encrypt keys at rest.
2020-06-06 23:55:57.8848|FATAL|Microsoft.AspNetCore.Hosting.Internal.WebHost|Application startup exception
2020-06-06 23:55:58.2662|INFO|Microsoft.AspNetCore.Hosting.Internal.WebHost|Request starting HTTP/1.1 GET http://localhost:1028/  
2020-06-06 23:55:58.2662|INFO|Microsoft.AspNetCore.Hosting.Internal.WebHost|Request starting HTTP/1.1 DEBUG http://localhost:1028/  0
2020-06-06 23:55:58.3118|ERROR|Microsoft.AspNetCore.Server.Kestrel|Connection id "0HM0ACHIGBLM9", Request id "0HM0ACHIGBLM9:00000001": An unhandled exception was thrown by the application.
2020-06-06 23:55:58.3254|INFO|Microsoft.AspNetCore.Hosting.Internal.WebHost|Request finished in 42.5886ms 500 
2020-06-06 23:55:58.3334|INFO|Microsoft.AspNetCore.Hosting.Internal.WebHost|Request finished in 57.1415ms 500 text/html; charset=utf-8
2020-06-06 23:56:02.9483|INFO|Microsoft.AspNetCore.Hosting.Internal.WebHost|Request starting HTTP/1.1 GET http://localhost:1028/  
2020-06-06 23:56:02.9831|INFO|Microsoft.AspNetCore.Hosting.Internal.WebHost|Request finished in 7.6489ms 500 text/html; charset=utf-8
2020-06-06 23:56:19.4402|INFO|Microsoft.AspNetCore.DataProtection.KeyManagement.XmlKeyManager|User profile is available. Using 'C:\Users\dayaa\AppData\Local\ASP.NET\DataProtection-Keys' as key repository and Windows DPAPI to encrypt keys at rest.
2020-06-06 23:56:20.0048|FATAL|Microsoft.AspNetCore.Hosting.Internal.WebHost|Application startup exception
2020-06-06 23:56:20.4178|INFO|Microsoft.AspNetCore.Hosting.Internal.WebHost|Request starting HTTP/1.1 DELETE http://localhost:1028/api/cities/1/pointsofinterest/1  
2020-06-06 23:56:20.4178|INFO|Microsoft.AspNetCore.Hosting.Internal.WebHost|Request starting HTTP/1.1 DELETE http://localhost:1028/api/cities/1/pointsofinterest/1  
2020-06-06 23:56:20.4329|INFO|Microsoft.AspNetCore.Hosting.Internal.WebHost|Request finished in 15.4716ms 500 text/html; charset=utf-8
2020-06-06 23:56:20.4329|ERROR|Microsoft.AspNetCore.Server.Kestrel|Connection id "0HM0ACHP41O58", Request id "0HM0ACHP41O58:00000001": An unhandled exception was thrown by the application.
2020-06-06 23:56:20.4432|INFO|Microsoft.AspNetCore.Hosting.Internal.WebHost|Request finished in 26.0293ms 500 
2020-06-06 23:56:21.1867|INFO|Microsoft.AspNetCore.Hosting.Internal.WebHost|Request starting HTTP/1.1 DELETE http://localhost:1028/api/cities/1/pointsofinterest/1  
2020-06-06 23:56:21.1867|INFO|Microsoft.AspNetCore.Hosting.Internal.WebHost|Request finished in 1.7841ms 500 text/html; charset=utf-8
2020-06-06 23:57:55.8969|INFO|Microsoft.AspNetCore.DataProtection.KeyManagement.XmlKeyManager|User profile is available. Using 'C:\Users\dayaa\AppData\Local\ASP.NET\DataProtection-Keys' as key repository and Windows DPAPI to encrypt keys at rest.
2020-06-06 23:57:56.4170|FATAL|Microsoft.AspNetCore.Hosting.Internal.WebHost|Application startup exception
2020-06-06 23:57:56.9120|INFO|Microsoft.AspNetCore.Hosting.Internal.WebHost|Request starting HTTP/1.1 GET http://localhost:1028/  
2020-06-06 23:57:56.9120|INFO|Microsoft.AspNetCore.Hosting.Internal.WebHost|Request starting HTTP/1.1 DEBUG http://localhost:1028/  0
2020-06-06 23:57:56.9445|ERROR|Microsoft.AspNetCore.Server.Kestrel|Connection id "0HM0ACILS11G7", Request id "0HM0ACILS11G7:00000001": An unhandled exception was thrown by the application.
2020-06-06 23:57:56.9445|INFO|Microsoft.AspNetCore.Hosting.Internal.WebHost|Request finished in 48.0726ms 500 
2020-06-06 23:57:56.9445|INFO|Microsoft.AspNetCore.Hosting.Internal.WebHost|Request finished in 47.7476ms 500 text/html; charset=utf-8
2020-06-06 23:58:04.0467|INFO|Microsoft.AspNetCore.Hosting.Internal.WebHost|Request starting HTTP/1.1 DELETE http://localhost:1028/api/cities/1/pointsofinterest/1  
2020-06-06 23:58:04.0651|INFO|Microsoft.AspNetCore.Hosting.Internal.WebHost|Request finished in 3.9738ms 500 text/html; charset=utf-8
2020-06-06 23:59:30.4557|INFO|Microsoft.AspNetCore.DataProtection.KeyManagement.XmlKeyManager|User profile is available. Using 'C:\Users\dayaa\AppData\Local\ASP.NET\DataProtection-Keys' as key repository and Windows DPAPI to encrypt keys at rest.
2020-06-06 23:59:31.2431|INFO|Microsoft.AspNetCore.Hosting.Internal.WebHost|Request starting HTTP/1.1 DEBUG http://localhost:1028/  0
2020-06-06 23:59:31.2431|INFO|Microsoft.AspNetCore.Hosting.Internal.WebHost|Request starting HTTP/1.1 GET http://localhost:1028/  
2020-06-06 23:59:31.3217|INFO|Microsoft.AspNetCore.Hosting.Internal.WebHost|Request finished in 83.8244ms 200 
2020-06-06 23:59:31.4961|INFO|Microsoft.AspNetCore.Hosting.Internal.WebHost|Request finished in 262.669ms 404 text/plain
2020-06-06 23:59:34.2936|INFO|Microsoft.AspNetCore.Hosting.Internal.WebHost|Request starting HTTP/1.1 DELETE http://localhost:1028/api/cities/1/pointsofinterest/1  
2020-06-06 23:59:34.3817|INFO|Microsoft.AspNetCore.Mvc.Internal.ControllerActionInvoker|Route matched with {action = "DeletePointOfInterest", controller = "PointsOfInterest"}. Executing controller action with signature Microsoft.AspNetCore.Mvc.IActionResult DeletePointOfInterest(Int32, Int32) on controller CityInfoAPI.Controllers.PointsOfInterestController (CityInfoAPI).
2020-06-06 23:59:34.4322|INFO|Microsoft.AspNetCore.Mvc.Internal.ControllerActionInvoker|Executing action method CityInfoAPI.Controllers.PointsOfInterestController.DeletePointOfInterest (CityInfoAPI) - Validation state: Valid
2020-06-06 23:59:34.4647|INFO|Microsoft.AspNetCore.Mvc.Internal.ControllerActionInvoker|Executed action method CityInfoAPI.Controllers.PointsOfInterestController.DeletePointOfInterest (CityInfoAPI), returned result Microsoft.AspNetCore.Mvc.NoContentResult in 20.6749ms.
2020-06-06 23:59:34.4858|INFO|Microsoft.AspNetCore.Mvc.StatusCodeResult|Executing HttpStatusCodeResult, setting HTTP status code 204
2020-06-06 23:59:34.4977|INFO|Microsoft.AspNetCore.Mvc.Internal.ControllerActionInvoker|Executed action CityInfoAPI.Controllers.PointsOfInterestController.DeletePointOfInterest (CityInfoAPI) in 105.4908ms
2020-06-06 23:59:34.5055|INFO|Microsoft.AspNetCore.Hosting.Internal.WebHost|Request finished in 213.1566ms 204 
2020-06-06 23:59:35.2465|INFO|Microsoft.AspNetCore.Hosting.Internal.WebHost|Request starting HTTP/1.1 DELETE http://localhost:1028/api/cities/1/pointsofinterest/1  
2020-06-06 23:59:35.2465|INFO|Microsoft.AspNetCore.Mvc.Internal.ControllerActionInvoker|Route matched with {action = "DeletePointOfInterest", controller = "PointsOfInterest"}. Executing controller action with signature Microsoft.AspNetCore.Mvc.IActionResult DeletePointOfInterest(Int32, Int32) on controller CityInfoAPI.Controllers.PointsOfInterestController (CityInfoAPI).
2020-06-06 23:59:35.2597|INFO|Microsoft.AspNetCore.Mvc.Internal.ControllerActionInvoker|Executing action method CityInfoAPI.Controllers.PointsOfInterestController.DeletePointOfInterest (CityInfoAPI) - Validation state: Valid
2020-06-06 23:59:35.2597|INFO|Microsoft.AspNetCore.Mvc.Internal.ControllerActionInvoker|Executed action method CityInfoAPI.Controllers.PointsOfInterestController.DeletePointOfInterest (CityInfoAPI), returned result Microsoft.AspNetCore.Mvc.NotFoundResult in 0.0741ms.
2020-06-06 23:59:35.2597|INFO|Microsoft.AspNetCore.Mvc.StatusCodeResult|Executing HttpStatusCodeResult, setting HTTP status code 404
2020-06-06 23:59:35.2747|INFO|Microsoft.AspNetCore.Mvc.Internal.ControllerActionInvoker|Executed action CityInfoAPI.Controllers.PointsOfInterestController.DeletePointOfInterest (CityInfoAPI) in 18.5453ms
2020-06-06 23:59:35.2747|INFO|Microsoft.AspNetCore.Hosting.Internal.WebHost|Request finished in 33.51ms 404 text/plain
